ERROR - 2025-08-06 14:54:26 --> mysqli_sql_exception: Cannot add or update a child row: a foreign key constraint fails (`fs2025_asignacion_equipo`.`usuarios`, CONSTRAINT `usuarios_ibfk_1` FOREIGN KEY (`usuario_id`) REFERENCES `empleados` (`empleado_id`)) in C:\xampp2\htdocs\Actividad-03-ciudadanos\system\Database\MySQLi\Connection.php:327
Stack trace:
#0 C:\xampp2\htdocs\Actividad-03-ciudadanos\system\Database\MySQLi\Connection.php(327): mysqli->query('INSERT INTO `us...', 0)
#1 C:\xampp2\htdocs\Actividad-03-ciudadanos\system\Database\BaseConnection.php(729): CodeIgniter\Database\MySQLi\Connection->execute('INSERT INTO `us...')
#2 C:\xampp2\htdocs\Actividad-03-ciudadanos\system\Database\BaseConnection.php(646): CodeIgniter\Database\BaseConnection->simpleQuery('INSERT INTO `us...')
#3 C:\xampp2\htdocs\Actividad-03-ciudadanos\system\Database\BaseBuilder.php(2345): CodeIgniter\Database\BaseConnection->query('INSERT INTO `us...', Array, false)
#4 C:\xampp2\htdocs\Actividad-03-ciudadanos\system\Model.php(394): CodeIgniter\Database\BaseBuilder->insert()
#5 C:\xampp2\htdocs\Actividad-03-ciudadanos\system\BaseModel.php(838): CodeIgniter\Model->doInsert(Array)
#6 C:\xampp2\htdocs\Actividad-03-ciudadanos\system\Model.php(797): CodeIgniter\BaseModel->insert(Array, true)
#7 C:\xampp2\htdocs\Actividad-03-ciudadanos\app\Controllers\UsuarioController.php(28): CodeIgniter\Model->insert(Array)
#8 C:\xampp2\htdocs\Actividad-03-ciudadanos\system\CodeIgniter.php(933): App\Controllers\UsuarioController->agregarUsuario()
#9 C:\xampp2\htdocs\Actividad-03-ciudadanos\system\CodeIgniter.php(507): CodeIgniter\CodeIgniter->runController(Object(App\Controllers\UsuarioController))
#10 C:\xampp2\htdocs\Actividad-03-ciudadanos\system\CodeIgniter.php(354): CodeIgniter\CodeIgniter->handleRequest(NULL, Object(Config\Cache), false)
#11 C:\xampp2\htdocs\Actividad-03-ciudadanos\system\Boot.php(363): CodeIgniter\CodeIgniter->run()
#12 C:\xampp2\htdocs\Actividad-03-ciudadanos\system\Boot.php(68): CodeIgniter\Boot::runCodeIgniter(Object(CodeIgniter\CodeIgniter))
#13 C:\xampp2\htdocs\Actividad-03-ciudadanos\public\index.php(59): CodeIgniter\Boot::bootWeb(Object(Config\Paths))
#14 {main}
CRITICAL - 2025-08-06 14:54:26 --> CodeIgniter\Database\Exceptions\DatabaseException: Cannot add or update a child row: a foreign key constraint fails (`fs2025_asignacion_equipo`.`usuarios`, CONSTRAINT `usuarios_ibfk_1` FOREIGN KEY (`usuario_id`) REFERENCES `empleados` (`empleado_id`))
[Method: POST, Route: agregarUsuario]
in SYSTEMPATH\Database\BaseConnection.php on line 684.
 1 SYSTEMPATH\Database\BaseBuilder.php(2345): CodeIgniter\Database\BaseConnection->query('INSERT INTO `usuarios` (`usuario_id`, `usuario`, `email`, `PASSWORD`, `estado`, `rol_id`) VALUES (:usuario_id:, :usuario:, :email:, :PASSWORD:, :estado:, :rol_id:)', [...], false)
 2 SYSTEMPATH\Model.php(394): CodeIgniter\Database\BaseBuilder->insert()
 3 SYSTEMPATH\BaseModel.php(838): CodeIgniter\Model->doInsert([...])
 4 SYSTEMPATH\Model.php(797): CodeIgniter\BaseModel->insert([...], true)
 5 APPPATH\Controllers\UsuarioController.php(28): CodeIgniter\Model->insert([...])
 6 SYSTEMPATH\CodeIgniter.php(933): App\Controllers\UsuarioController->agregarUsuario()
 7 SYSTEMPATH\CodeIgniter.php(507): CodeIgniter\CodeIgniter->runController(Object(App\Controllers\UsuarioController))
 8 SYSTEMPATH\CodeIgniter.php(354): CodeIgniter\CodeIgniter->handleRequest(null, Object(Config\Cache), false)
 9 SYSTEMPATH\Boot.php(363): CodeIgniter\CodeIgniter->run()
10 SYSTEMPATH\Boot.php(68): CodeIgniter\Boot::runCodeIgniter(Object(CodeIgniter\CodeIgniter))
11 FCPATH\index.php(59): CodeIgniter\Boot::bootWeb(Object(Config\Paths))
CRITICAL - 2025-08-06 14:54:26 --> [Caused by] CodeIgniter\Database\Exceptions\DatabaseException: Cannot add or update a child row: a foreign key constraint fails (`fs2025_asignacion_equipo`.`usuarios`, CONSTRAINT `usuarios_ibfk_1` FOREIGN KEY (`usuario_id`) REFERENCES `empleados` (`empleado_id`))
in SYSTEMPATH\Database\MySQLi\Connection.php on line 332.
 1 SYSTEMPATH\Database\BaseConnection.php(729): CodeIgniter\Database\MySQLi\Connection->execute('INSERT INTO `usuarios` (`usuario_id`, `usuario`, `email`, `PASSWORD`, `estado`, `rol_id`) VALUES (\'6\', \'vperalta\', \'peralta.victor260@gmail.com\', \'pass123\', \'1\', \'5\')')
 2 SYSTEMPATH\Database\BaseConnection.php(646): CodeIgniter\Database\BaseConnection->simpleQuery('INSERT INTO `usuarios` (`usuario_id`, `usuario`, `email`, `PASSWORD`, `estado`, `rol_id`) VALUES (\'6\', \'vperalta\', \'peralta.victor260@gmail.com\', \'pass123\', \'1\', \'5\')')
 3 SYSTEMPATH\Database\BaseBuilder.php(2345): CodeIgniter\Database\BaseConnection->query('INSERT INTO `usuarios` (`usuario_id`, `usuario`, `email`, `PASSWORD`, `estado`, `rol_id`) VALUES (:usuario_id:, :usuario:, :email:, :PASSWORD:, :estado:, :rol_id:)', [...], false)
 4 SYSTEMPATH\Model.php(394): CodeIgniter\Database\BaseBuilder->insert()
 5 SYSTEMPATH\BaseModel.php(838): CodeIgniter\Model->doInsert([...])
 6 SYSTEMPATH\Model.php(797): CodeIgniter\BaseModel->insert([...], true)
 7 APPPATH\Controllers\UsuarioController.php(28): CodeIgniter\Model->insert([...])
 8 SYSTEMPATH\CodeIgniter.php(933): App\Controllers\UsuarioController->agregarUsuario()
 9 SYSTEMPATH\CodeIgniter.php(507): CodeIgniter\CodeIgniter->runController(Object(App\Controllers\UsuarioController))
10 SYSTEMPATH\CodeIgniter.php(354): CodeIgniter\CodeIgniter->handleRequest(null, Object(Config\Cache), false)
11 SYSTEMPATH\Boot.php(363): CodeIgniter\CodeIgniter->run()
12 SYSTEMPATH\Boot.php(68): CodeIgniter\Boot::runCodeIgniter(Object(CodeIgniter\CodeIgniter))
13 FCPATH\index.php(59): CodeIgniter\Boot::bootWeb(Object(Config\Paths))
CRITICAL - 2025-08-06 14:54:26 --> [Caused by] mysqli_sql_exception: Cannot add or update a child row: a foreign key constraint fails (`fs2025_asignacion_equipo`.`usuarios`, CONSTRAINT `usuarios_ibfk_1` FOREIGN KEY (`usuario_id`) REFERENCES `empleados` (`empleado_id`))
in SYSTEMPATH\Database\MySQLi\Connection.php on line 327.
 1 SYSTEMPATH\Database\MySQLi\Connection.php(327): mysqli->query('INSERT INTO `usuarios` (`usuario_id`, `usuario`, `email`, `PASSWORD`, `estado`, `rol_id`) VALUES (\'6\', \'vperalta\', \'peralta.victor260@gmail.com\', \'pass123\', \'1\', \'5\')', 0)
 2 SYSTEMPATH\Database\BaseConnection.php(729): CodeIgniter\Database\MySQLi\Connection->execute('INSERT INTO `usuarios` (`usuario_id`, `usuario`, `email`, `PASSWORD`, `estado`, `rol_id`) VALUES (\'6\', \'vperalta\', \'peralta.victor260@gmail.com\', \'pass123\', \'1\', \'5\')')
 3 SYSTEMPATH\Database\BaseConnection.php(646): CodeIgniter\Database\BaseConnection->simpleQuery('INSERT INTO `usuarios` (`usuario_id`, `usuario`, `email`, `PASSWORD`, `estado`, `rol_id`) VALUES (\'6\', \'vperalta\', \'peralta.victor260@gmail.com\', \'pass123\', \'1\', \'5\')')
 4 SYSTEMPATH\Database\BaseBuilder.php(2345): CodeIgniter\Database\BaseConnection->query('INSERT INTO `usuarios` (`usuario_id`, `usuario`, `email`, `PASSWORD`, `estado`, `rol_id`) VALUES (:usuario_id:, :usuario:, :email:, :PASSWORD:, :estado:, :rol_id:)', [...], false)
 5 SYSTEMPATH\Model.php(394): CodeIgniter\Database\BaseBuilder->insert()
 6 SYSTEMPATH\BaseModel.php(838): CodeIgniter\Model->doInsert([...])
 7 SYSTEMPATH\Model.php(797): CodeIgniter\BaseModel->insert([...], true)
 8 APPPATH\Controllers\UsuarioController.php(28): CodeIgniter\Model->insert([...])
 9 SYSTEMPATH\CodeIgniter.php(933): App\Controllers\UsuarioController->agregarUsuario()
10 SYSTEMPATH\CodeIgniter.php(507): CodeIgniter\CodeIgniter->runController(Object(App\Controllers\UsuarioController))
11 SYSTEMPATH\CodeIgniter.php(354): CodeIgniter\CodeIgniter->handleRequest(null, Object(Config\Cache), false)
12 SYSTEMPATH\Boot.php(363): CodeIgniter\CodeIgniter->run()
13 SYSTEMPATH\Boot.php(68): CodeIgniter\Boot::runCodeIgniter(Object(CodeIgniter\CodeIgniter))
14 FCPATH\index.php(59): CodeIgniter\Boot::bootWeb(Object(Config\Paths))
ERROR - 2025-08-06 15:02:53 --> mysqli_sql_exception: Cannot add or update a child row: a foreign key constraint fails (`fs2025_asignacion_equipo`.`usuarios`, CONSTRAINT `usuarios_ibfk_1` FOREIGN KEY (`usuario_id`) REFERENCES `empleados` (`empleado_id`)) in C:\xampp2\htdocs\Actividad-03-ciudadanos\system\Database\MySQLi\Connection.php:327
Stack trace:
#0 C:\xampp2\htdocs\Actividad-03-ciudadanos\system\Database\MySQLi\Connection.php(327): mysqli->query('INSERT INTO `us...', 0)
#1 C:\xampp2\htdocs\Actividad-03-ciudadanos\system\Database\BaseConnection.php(729): CodeIgniter\Database\MySQLi\Connection->execute('INSERT INTO `us...')
#2 C:\xampp2\htdocs\Actividad-03-ciudadanos\system\Database\BaseConnection.php(646): CodeIgniter\Database\BaseConnection->simpleQuery('INSERT INTO `us...')
#3 C:\xampp2\htdocs\Actividad-03-ciudadanos\system\Database\BaseBuilder.php(2345): CodeIgniter\Database\BaseConnection->query('INSERT INTO `us...', Array, false)
#4 C:\xampp2\htdocs\Actividad-03-ciudadanos\system\Model.php(394): CodeIgniter\Database\BaseBuilder->insert()
#5 C:\xampp2\htdocs\Actividad-03-ciudadanos\system\BaseModel.php(838): CodeIgniter\Model->doInsert(Array)
#6 C:\xampp2\htdocs\Actividad-03-ciudadanos\system\Model.php(797): CodeIgniter\BaseModel->insert(Array, true)
#7 C:\xampp2\htdocs\Actividad-03-ciudadanos\app\Controllers\UsuarioController.php(28): CodeIgniter\Model->insert(Array)
#8 C:\xampp2\htdocs\Actividad-03-ciudadanos\system\CodeIgniter.php(933): App\Controllers\UsuarioController->agregarUsuario()
#9 C:\xampp2\htdocs\Actividad-03-ciudadanos\system\CodeIgniter.php(507): CodeIgniter\CodeIgniter->runController(Object(App\Controllers\UsuarioController))
#10 C:\xampp2\htdocs\Actividad-03-ciudadanos\system\CodeIgniter.php(354): CodeIgniter\CodeIgniter->handleRequest(NULL, Object(Config\Cache), false)
#11 C:\xampp2\htdocs\Actividad-03-ciudadanos\system\Boot.php(363): CodeIgniter\CodeIgniter->run()
#12 C:\xampp2\htdocs\Actividad-03-ciudadanos\system\Boot.php(68): CodeIgniter\Boot::runCodeIgniter(Object(CodeIgniter\CodeIgniter))
#13 C:\xampp2\htdocs\Actividad-03-ciudadanos\public\index.php(59): CodeIgniter\Boot::bootWeb(Object(Config\Paths))
#14 {main}
CRITICAL - 2025-08-06 15:02:53 --> CodeIgniter\Database\Exceptions\DatabaseException: Cannot add or update a child row: a foreign key constraint fails (`fs2025_asignacion_equipo`.`usuarios`, CONSTRAINT `usuarios_ibfk_1` FOREIGN KEY (`usuario_id`) REFERENCES `empleados` (`empleado_id`))
[Method: POST, Route: agregarUsuario]
in SYSTEMPATH\Database\BaseConnection.php on line 684.
 1 SYSTEMPATH\Database\BaseBuilder.php(2345): CodeIgniter\Database\BaseConnection->query('INSERT INTO `usuarios` (`usuario_id`, `usuario`, `email`, `PASSWORD`, `estado`, `rol_id`) VALUES (:usuario_id:, :usuario:, :email:, :PASSWORD:, :estado:, :rol_id:)', [...], false)
 2 SYSTEMPATH\Model.php(394): CodeIgniter\Database\BaseBuilder->insert()
 3 SYSTEMPATH\BaseModel.php(838): CodeIgniter\Model->doInsert([...])
 4 SYSTEMPATH\Model.php(797): CodeIgniter\BaseModel->insert([...], true)
 5 APPPATH\Controllers\UsuarioController.php(28): CodeIgniter\Model->insert([...])
 6 SYSTEMPATH\CodeIgniter.php(933): App\Controllers\UsuarioController->agregarUsuario()
 7 SYSTEMPATH\CodeIgniter.php(507): CodeIgniter\CodeIgniter->runController(Object(App\Controllers\UsuarioController))
 8 SYSTEMPATH\CodeIgniter.php(354): CodeIgniter\CodeIgniter->handleRequest(null, Object(Config\Cache), false)
 9 SYSTEMPATH\Boot.php(363): CodeIgniter\CodeIgniter->run()
10 SYSTEMPATH\Boot.php(68): CodeIgniter\Boot::runCodeIgniter(Object(CodeIgniter\CodeIgniter))
11 FCPATH\index.php(59): CodeIgniter\Boot::bootWeb(Object(Config\Paths))
CRITICAL - 2025-08-06 15:02:53 --> [Caused by] CodeIgniter\Database\Exceptions\DatabaseException: Cannot add or update a child row: a foreign key constraint fails (`fs2025_asignacion_equipo`.`usuarios`, CONSTRAINT `usuarios_ibfk_1` FOREIGN KEY (`usuario_id`) REFERENCES `empleados` (`empleado_id`))
in SYSTEMPATH\Database\MySQLi\Connection.php on line 332.
 1 SYSTEMPATH\Database\BaseConnection.php(729): CodeIgniter\Database\MySQLi\Connection->execute('INSERT INTO `usuarios` (`usuario_id`, `usuario`, `email`, `PASSWORD`, `estado`, `rol_id`) VALUES (\'7\', \'andres\', \'andres@hotmail.com\', \'pass34\', \'1\', \'5\')')
 2 SYSTEMPATH\Database\BaseConnection.php(646): CodeIgniter\Database\BaseConnection->simpleQuery('INSERT INTO `usuarios` (`usuario_id`, `usuario`, `email`, `PASSWORD`, `estado`, `rol_id`) VALUES (\'7\', \'andres\', \'andres@hotmail.com\', \'pass34\', \'1\', \'5\')')
 3 SYSTEMPATH\Database\BaseBuilder.php(2345): CodeIgniter\Database\BaseConnection->query('INSERT INTO `usuarios` (`usuario_id`, `usuario`, `email`, `PASSWORD`, `estado`, `rol_id`) VALUES (:usuario_id:, :usuario:, :email:, :PASSWORD:, :estado:, :rol_id:)', [...], false)
 4 SYSTEMPATH\Model.php(394): CodeIgniter\Database\BaseBuilder->insert()
 5 SYSTEMPATH\BaseModel.php(838): CodeIgniter\Model->doInsert([...])
 6 SYSTEMPATH\Model.php(797): CodeIgniter\BaseModel->insert([...], true)
 7 APPPATH\Controllers\UsuarioController.php(28): CodeIgniter\Model->insert([...])
 8 SYSTEMPATH\CodeIgniter.php(933): App\Controllers\UsuarioController->agregarUsuario()
 9 SYSTEMPATH\CodeIgniter.php(507): CodeIgniter\CodeIgniter->runController(Object(App\Controllers\UsuarioController))
10 SYSTEMPATH\CodeIgniter.php(354): CodeIgniter\CodeIgniter->handleRequest(null, Object(Config\Cache), false)
11 SYSTEMPATH\Boot.php(363): CodeIgniter\CodeIgniter->run()
12 SYSTEMPATH\Boot.php(68): CodeIgniter\Boot::runCodeIgniter(Object(CodeIgniter\CodeIgniter))
13 FCPATH\index.php(59): CodeIgniter\Boot::bootWeb(Object(Config\Paths))
CRITICAL - 2025-08-06 15:02:53 --> [Caused by] mysqli_sql_exception: Cannot add or update a child row: a foreign key constraint fails (`fs2025_asignacion_equipo`.`usuarios`, CONSTRAINT `usuarios_ibfk_1` FOREIGN KEY (`usuario_id`) REFERENCES `empleados` (`empleado_id`))
in SYSTEMPATH\Database\MySQLi\Connection.php on line 327.
 1 SYSTEMPATH\Database\MySQLi\Connection.php(327): mysqli->query('INSERT INTO `usuarios` (`usuario_id`, `usuario`, `email`, `PASSWORD`, `estado`, `rol_id`) VALUES (\'7\', \'andres\', \'andres@hotmail.com\', \'pass34\', \'1\', \'5\')', 0)
 2 SYSTEMPATH\Database\BaseConnection.php(729): CodeIgniter\Database\MySQLi\Connection->execute('INSERT INTO `usuarios` (`usuario_id`, `usuario`, `email`, `PASSWORD`, `estado`, `rol_id`) VALUES (\'7\', \'andres\', \'andres@hotmail.com\', \'pass34\', \'1\', \'5\')')
 3 SYSTEMPATH\Database\BaseConnection.php(646): CodeIgniter\Database\BaseConnection->simpleQuery('INSERT INTO `usuarios` (`usuario_id`, `usuario`, `email`, `PASSWORD`, `estado`, `rol_id`) VALUES (\'7\', \'andres\', \'andres@hotmail.com\', \'pass34\', \'1\', \'5\')')
 4 SYSTEMPATH\Database\BaseBuilder.php(2345): CodeIgniter\Database\BaseConnection->query('INSERT INTO `usuarios` (`usuario_id`, `usuario`, `email`, `PASSWORD`, `estado`, `rol_id`) VALUES (:usuario_id:, :usuario:, :email:, :PASSWORD:, :estado:, :rol_id:)', [...], false)
 5 SYSTEMPATH\Model.php(394): CodeIgniter\Database\BaseBuilder->insert()
 6 SYSTEMPATH\BaseModel.php(838): CodeIgniter\Model->doInsert([...])
 7 SYSTEMPATH\Model.php(797): CodeIgniter\BaseModel->insert([...], true)
 8 APPPATH\Controllers\UsuarioController.php(28): CodeIgniter\Model->insert([...])
 9 SYSTEMPATH\CodeIgniter.php(933): App\Controllers\UsuarioController->agregarUsuario()
10 SYSTEMPATH\CodeIgniter.php(507): CodeIgniter\CodeIgniter->runController(Object(App\Controllers\UsuarioController))
11 SYSTEMPATH\CodeIgniter.php(354): CodeIgniter\CodeIgniter->handleRequest(null, Object(Config\Cache), false)
12 SYSTEMPATH\Boot.php(363): CodeIgniter\CodeIgniter->run()
13 SYSTEMPATH\Boot.php(68): CodeIgniter\Boot::runCodeIgniter(Object(CodeIgniter\CodeIgniter))
14 FCPATH\index.php(59): CodeIgniter\Boot::bootWeb(Object(Config\Paths))
ERROR - 2025-08-06 15:04:26 --> mysqli_sql_exception: Cannot delete or update a parent row: a foreign key constraint fails (`fs2025_asignacion_equipo`.`usuarios`, CONSTRAINT `usuarios_ibfk_1` FOREIGN KEY (`usuario_id`) REFERENCES `empleados` (`empleado_id`)) in C:\xampp2\htdocs\Actividad-03-ciudadanos\system\Database\MySQLi\Connection.php:327
Stack trace:
#0 C:\xampp2\htdocs\Actividad-03-ciudadanos\system\Database\MySQLi\Connection.php(327): mysqli->query('DELETE FROM `em...', 0)
#1 C:\xampp2\htdocs\Actividad-03-ciudadanos\system\Database\BaseConnection.php(729): CodeIgniter\Database\MySQLi\Connection->execute('DELETE FROM `em...')
#2 C:\xampp2\htdocs\Actividad-03-ciudadanos\system\Database\BaseConnection.php(646): CodeIgniter\Database\BaseConnection->simpleQuery('DELETE FROM `em...')
#3 C:\xampp2\htdocs\Actividad-03-ciudadanos\system\Database\BaseBuilder.php(2848): CodeIgniter\Database\BaseConnection->query('DELETE FROM `em...', Array, false)
#4 C:\xampp2\htdocs\Actividad-03-ciudadanos\system\Model.php(521): CodeIgniter\Database\BaseBuilder->delete()
#5 C:\xampp2\htdocs\Actividad-03-ciudadanos\system\BaseModel.php(1152): CodeIgniter\Model->doDelete(Array, false)
#6 C:\xampp2\htdocs\Actividad-03-ciudadanos\app\Controllers\EmpleadoController.php(36): CodeIgniter\BaseModel->delete(Array)
#7 C:\xampp2\htdocs\Actividad-03-ciudadanos\system\CodeIgniter.php(933): App\Controllers\EmpleadoController->eliminar('7')
#8 C:\xampp2\htdocs\Actividad-03-ciudadanos\system\CodeIgniter.php(507): CodeIgniter\CodeIgniter->runController(Object(App\Controllers\EmpleadoController))
#9 C:\xampp2\htdocs\Actividad-03-ciudadanos\system\CodeIgniter.php(354): CodeIgniter\CodeIgniter->handleRequest(NULL, Object(Config\Cache), false)
#10 C:\xampp2\htdocs\Actividad-03-ciudadanos\system\Boot.php(363): CodeIgniter\CodeIgniter->run()
#11 C:\xampp2\htdocs\Actividad-03-ciudadanos\system\Boot.php(68): CodeIgniter\Boot::runCodeIgniter(Object(CodeIgniter\CodeIgniter))
#12 C:\xampp2\htdocs\Actividad-03-ciudadanos\public\index.php(59): CodeIgniter\Boot::bootWeb(Object(Config\Paths))
#13 {main}
CRITICAL - 2025-08-06 15:04:26 --> CodeIgniter\Database\Exceptions\DatabaseException: Cannot delete or update a parent row: a foreign key constraint fails (`fs2025_asignacion_equipo`.`usuarios`, CONSTRAINT `usuarios_ibfk_1` FOREIGN KEY (`usuario_id`) REFERENCES `empleados` (`empleado_id`))
[Method: GET, Route: eliminar_empleado/7]
in SYSTEMPATH\Database\BaseConnection.php on line 684.
 1 SYSTEMPATH\Database\BaseBuilder.php(2848): CodeIgniter\Database\BaseConnection->query('DELETE FROM `empleados`
WHERE `empleado_id` IN :empleado_id:', [...], false)
 2 SYSTEMPATH\Model.php(521): CodeIgniter\Database\BaseBuilder->delete()
 3 SYSTEMPATH\BaseModel.php(1152): CodeIgniter\Model->doDelete([...], false)
 4 APPPATH\Controllers\EmpleadoController.php(36): CodeIgniter\BaseModel->delete([...])
 5 SYSTEMPATH\CodeIgniter.php(933): App\Controllers\EmpleadoController->eliminar('7')
 6 SYSTEMPATH\CodeIgniter.php(507): CodeIgniter\CodeIgniter->runController(Object(App\Controllers\EmpleadoController))
 7 SYSTEMPATH\CodeIgniter.php(354): CodeIgniter\CodeIgniter->handleRequest(null, Object(Config\Cache), false)
 8 SYSTEMPATH\Boot.php(363): CodeIgniter\CodeIgniter->run()
 9 SYSTEMPATH\Boot.php(68): CodeIgniter\Boot::runCodeIgniter(Object(CodeIgniter\CodeIgniter))
10 FCPATH\index.php(59): CodeIgniter\Boot::bootWeb(Object(Config\Paths))
CRITICAL - 2025-08-06 15:04:26 --> [Caused by] CodeIgniter\Database\Exceptions\DatabaseException: Cannot delete or update a parent row: a foreign key constraint fails (`fs2025_asignacion_equipo`.`usuarios`, CONSTRAINT `usuarios_ibfk_1` FOREIGN KEY (`usuario_id`) REFERENCES `empleados` (`empleado_id`))
in SYSTEMPATH\Database\MySQLi\Connection.php on line 332.
 1 SYSTEMPATH\Database\BaseConnection.php(729): CodeIgniter\Database\MySQLi\Connection->execute('DELETE FROM `empleados`
WHERE `empleado_id` IN (\'7\')')
 2 SYSTEMPATH\Database\BaseConnection.php(646): CodeIgniter\Database\BaseConnection->simpleQuery('DELETE FROM `empleados`
WHERE `empleado_id` IN (\'7\')')
 3 SYSTEMPATH\Database\BaseBuilder.php(2848): CodeIgniter\Database\BaseConnection->query('DELETE FROM `empleados`
WHERE `empleado_id` IN :empleado_id:', [...], false)
 4 SYSTEMPATH\Model.php(521): CodeIgniter\Database\BaseBuilder->delete()
 5 SYSTEMPATH\BaseModel.php(1152): CodeIgniter\Model->doDelete([...], false)
 6 APPPATH\Controllers\EmpleadoController.php(36): CodeIgniter\BaseModel->delete([...])
 7 SYSTEMPATH\CodeIgniter.php(933): App\Controllers\EmpleadoController->eliminar('7')
 8 SYSTEMPATH\CodeIgniter.php(507): CodeIgniter\CodeIgniter->runController(Object(App\Controllers\EmpleadoController))
 9 SYSTEMPATH\CodeIgniter.php(354): CodeIgniter\CodeIgniter->handleRequest(null, Object(Config\Cache), false)
10 SYSTEMPATH\Boot.php(363): CodeIgniter\CodeIgniter->run()
11 SYSTEMPATH\Boot.php(68): CodeIgniter\Boot::runCodeIgniter(Object(CodeIgniter\CodeIgniter))
12 FCPATH\index.php(59): CodeIgniter\Boot::bootWeb(Object(Config\Paths))
CRITICAL - 2025-08-06 15:04:26 --> [Caused by] mysqli_sql_exception: Cannot delete or update a parent row: a foreign key constraint fails (`fs2025_asignacion_equipo`.`usuarios`, CONSTRAINT `usuarios_ibfk_1` FOREIGN KEY (`usuario_id`) REFERENCES `empleados` (`empleado_id`))
in SYSTEMPATH\Database\MySQLi\Connection.php on line 327.
 1 SYSTEMPATH\Database\MySQLi\Connection.php(327): mysqli->query('DELETE FROM `empleados`
WHERE `empleado_id` IN (\'7\')', 0)
 2 SYSTEMPATH\Database\BaseConnection.php(729): CodeIgniter\Database\MySQLi\Connection->execute('DELETE FROM `empleados`
WHERE `empleado_id` IN (\'7\')')
 3 SYSTEMPATH\Database\BaseConnection.php(646): CodeIgniter\Database\BaseConnection->simpleQuery('DELETE FROM `empleados`
WHERE `empleado_id` IN (\'7\')')
 4 SYSTEMPATH\Database\BaseBuilder.php(2848): CodeIgniter\Database\BaseConnection->query('DELETE FROM `empleados`
WHERE `empleado_id` IN :empleado_id:', [...], false)
 5 SYSTEMPATH\Model.php(521): CodeIgniter\Database\BaseBuilder->delete()
 6 SYSTEMPATH\BaseModel.php(1152): CodeIgniter\Model->doDelete([...], false)
 7 APPPATH\Controllers\EmpleadoController.php(36): CodeIgniter\BaseModel->delete([...])
 8 SYSTEMPATH\CodeIgniter.php(933): App\Controllers\EmpleadoController->eliminar('7')
 9 SYSTEMPATH\CodeIgniter.php(507): CodeIgniter\CodeIgniter->runController(Object(App\Controllers\EmpleadoController))
10 SYSTEMPATH\CodeIgniter.php(354): CodeIgniter\CodeIgniter->handleRequest(null, Object(Config\Cache), false)
11 SYSTEMPATH\Boot.php(363): CodeIgniter\CodeIgniter->run()
12 SYSTEMPATH\Boot.php(68): CodeIgniter\Boot::runCodeIgniter(Object(CodeIgniter\CodeIgniter))
13 FCPATH\index.php(59): CodeIgniter\Boot::bootWeb(Object(Config\Paths))
ERROR - 2025-08-06 15:05:48 --> mysqli_sql_exception: Cannot delete or update a parent row: a foreign key constraint fails (`fs2025_asignacion_equipo`.`usuarios`, CONSTRAINT `usuarios_ibfk_1` FOREIGN KEY (`usuario_id`) REFERENCES `empleados` (`empleado_id`)) in C:\xampp2\htdocs\Actividad-03-ciudadanos\system\Database\MySQLi\Connection.php:327
Stack trace:
#0 C:\xampp2\htdocs\Actividad-03-ciudadanos\system\Database\MySQLi\Connection.php(327): mysqli->query('DELETE FROM `em...', 0)
#1 C:\xampp2\htdocs\Actividad-03-ciudadanos\system\Database\BaseConnection.php(729): CodeIgniter\Database\MySQLi\Connection->execute('DELETE FROM `em...')
#2 C:\xampp2\htdocs\Actividad-03-ciudadanos\system\Database\BaseConnection.php(646): CodeIgniter\Database\BaseConnection->simpleQuery('DELETE FROM `em...')
#3 C:\xampp2\htdocs\Actividad-03-ciudadanos\system\Database\BaseBuilder.php(2848): CodeIgniter\Database\BaseConnection->query('DELETE FROM `em...', Array, false)
#4 C:\xampp2\htdocs\Actividad-03-ciudadanos\system\Model.php(521): CodeIgniter\Database\BaseBuilder->delete()
#5 C:\xampp2\htdocs\Actividad-03-ciudadanos\system\BaseModel.php(1152): CodeIgniter\Model->doDelete(Array, false)
#6 C:\xampp2\htdocs\Actividad-03-ciudadanos\app\Controllers\EmpleadoController.php(36): CodeIgniter\BaseModel->delete(Array)
#7 C:\xampp2\htdocs\Actividad-03-ciudadanos\system\CodeIgniter.php(933): App\Controllers\EmpleadoController->eliminar('7')
#8 C:\xampp2\htdocs\Actividad-03-ciudadanos\system\CodeIgniter.php(507): CodeIgniter\CodeIgniter->runController(Object(App\Controllers\EmpleadoController))
#9 C:\xampp2\htdocs\Actividad-03-ciudadanos\system\CodeIgniter.php(354): CodeIgniter\CodeIgniter->handleRequest(NULL, Object(Config\Cache), false)
#10 C:\xampp2\htdocs\Actividad-03-ciudadanos\system\Boot.php(363): CodeIgniter\CodeIgniter->run()
#11 C:\xampp2\htdocs\Actividad-03-ciudadanos\system\Boot.php(68): CodeIgniter\Boot::runCodeIgniter(Object(CodeIgniter\CodeIgniter))
#12 C:\xampp2\htdocs\Actividad-03-ciudadanos\public\index.php(59): CodeIgniter\Boot::bootWeb(Object(Config\Paths))
#13 {main}
CRITICAL - 2025-08-06 15:05:48 --> CodeIgniter\Database\Exceptions\DatabaseException: Cannot delete or update a parent row: a foreign key constraint fails (`fs2025_asignacion_equipo`.`usuarios`, CONSTRAINT `usuarios_ibfk_1` FOREIGN KEY (`usuario_id`) REFERENCES `empleados` (`empleado_id`))
[Method: GET, Route: eliminar_empleado/7]
in SYSTEMPATH\Database\BaseConnection.php on line 684.
 1 SYSTEMPATH\Database\BaseBuilder.php(2848): CodeIgniter\Database\BaseConnection->query('DELETE FROM `empleados`
WHERE `empleado_id` IN :empleado_id:', [...], false)
 2 SYSTEMPATH\Model.php(521): CodeIgniter\Database\BaseBuilder->delete()
 3 SYSTEMPATH\BaseModel.php(1152): CodeIgniter\Model->doDelete([...], false)
 4 APPPATH\Controllers\EmpleadoController.php(36): CodeIgniter\BaseModel->delete([...])
 5 SYSTEMPATH\CodeIgniter.php(933): App\Controllers\EmpleadoController->eliminar('7')
 6 SYSTEMPATH\CodeIgniter.php(507): CodeIgniter\CodeIgniter->runController(Object(App\Controllers\EmpleadoController))
 7 SYSTEMPATH\CodeIgniter.php(354): CodeIgniter\CodeIgniter->handleRequest(null, Object(Config\Cache), false)
 8 SYSTEMPATH\Boot.php(363): CodeIgniter\CodeIgniter->run()
 9 SYSTEMPATH\Boot.php(68): CodeIgniter\Boot::runCodeIgniter(Object(CodeIgniter\CodeIgniter))
10 FCPATH\index.php(59): CodeIgniter\Boot::bootWeb(Object(Config\Paths))
CRITICAL - 2025-08-06 15:05:48 --> [Caused by] CodeIgniter\Database\Exceptions\DatabaseException: Cannot delete or update a parent row: a foreign key constraint fails (`fs2025_asignacion_equipo`.`usuarios`, CONSTRAINT `usuarios_ibfk_1` FOREIGN KEY (`usuario_id`) REFERENCES `empleados` (`empleado_id`))
in SYSTEMPATH\Database\MySQLi\Connection.php on line 332.
 1 SYSTEMPATH\Database\BaseConnection.php(729): CodeIgniter\Database\MySQLi\Connection->execute('DELETE FROM `empleados`
WHERE `empleado_id` IN (\'7\')')
 2 SYSTEMPATH\Database\BaseConnection.php(646): CodeIgniter\Database\BaseConnection->simpleQuery('DELETE FROM `empleados`
WHERE `empleado_id` IN (\'7\')')
 3 SYSTEMPATH\Database\BaseBuilder.php(2848): CodeIgniter\Database\BaseConnection->query('DELETE FROM `empleados`
WHERE `empleado_id` IN :empleado_id:', [...], false)
 4 SYSTEMPATH\Model.php(521): CodeIgniter\Database\BaseBuilder->delete()
 5 SYSTEMPATH\BaseModel.php(1152): CodeIgniter\Model->doDelete([...], false)
 6 APPPATH\Controllers\EmpleadoController.php(36): CodeIgniter\BaseModel->delete([...])
 7 SYSTEMPATH\CodeIgniter.php(933): App\Controllers\EmpleadoController->eliminar('7')
 8 SYSTEMPATH\CodeIgniter.php(507): CodeIgniter\CodeIgniter->runController(Object(App\Controllers\EmpleadoController))
 9 SYSTEMPATH\CodeIgniter.php(354): CodeIgniter\CodeIgniter->handleRequest(null, Object(Config\Cache), false)
10 SYSTEMPATH\Boot.php(363): CodeIgniter\CodeIgniter->run()
11 SYSTEMPATH\Boot.php(68): CodeIgniter\Boot::runCodeIgniter(Object(CodeIgniter\CodeIgniter))
12 FCPATH\index.php(59): CodeIgniter\Boot::bootWeb(Object(Config\Paths))
CRITICAL - 2025-08-06 15:05:48 --> [Caused by] mysqli_sql_exception: Cannot delete or update a parent row: a foreign key constraint fails (`fs2025_asignacion_equipo`.`usuarios`, CONSTRAINT `usuarios_ibfk_1` FOREIGN KEY (`usuario_id`) REFERENCES `empleados` (`empleado_id`))
in SYSTEMPATH\Database\MySQLi\Connection.php on line 327.
 1 SYSTEMPATH\Database\MySQLi\Connection.php(327): mysqli->query('DELETE FROM `empleados`
WHERE `empleado_id` IN (\'7\')', 0)
 2 SYSTEMPATH\Database\BaseConnection.php(729): CodeIgniter\Database\MySQLi\Connection->execute('DELETE FROM `empleados`
WHERE `empleado_id` IN (\'7\')')
 3 SYSTEMPATH\Database\BaseConnection.php(646): CodeIgniter\Database\BaseConnection->simpleQuery('DELETE FROM `empleados`
WHERE `empleado_id` IN (\'7\')')
 4 SYSTEMPATH\Database\BaseBuilder.php(2848): CodeIgniter\Database\BaseConnection->query('DELETE FROM `empleados`
WHERE `empleado_id` IN :empleado_id:', [...], false)
 5 SYSTEMPATH\Model.php(521): CodeIgniter\Database\BaseBuilder->delete()
 6 SYSTEMPATH\BaseModel.php(1152): CodeIgniter\Model->doDelete([...], false)
 7 APPPATH\Controllers\EmpleadoController.php(36): CodeIgniter\BaseModel->delete([...])
 8 SYSTEMPATH\CodeIgniter.php(933): App\Controllers\EmpleadoController->eliminar('7')
 9 SYSTEMPATH\CodeIgniter.php(507): CodeIgniter\CodeIgniter->runController(Object(App\Controllers\EmpleadoController))
10 SYSTEMPATH\CodeIgniter.php(354): CodeIgniter\CodeIgniter->handleRequest(null, Object(Config\Cache), false)
11 SYSTEMPATH\Boot.php(363): CodeIgniter\CodeIgniter->run()
12 SYSTEMPATH\Boot.php(68): CodeIgniter\Boot::runCodeIgniter(Object(CodeIgniter\CodeIgniter))
13 FCPATH\index.php(59): CodeIgniter\Boot::bootWeb(Object(Config\Paths))
ERROR - 2025-08-06 15:06:21 --> mysqli_sql_exception: Cannot delete or update a parent row: a foreign key constraint fails (`fs2025_asignacion_equipo`.`usuarios`, CONSTRAINT `usuarios_ibfk_1` FOREIGN KEY (`usuario_id`) REFERENCES `empleados` (`empleado_id`)) in C:\xampp2\htdocs\Actividad-03-ciudadanos\system\Database\MySQLi\Connection.php:327
Stack trace:
#0 C:\xampp2\htdocs\Actividad-03-ciudadanos\system\Database\MySQLi\Connection.php(327): mysqli->query('DELETE FROM `em...', 0)
#1 C:\xampp2\htdocs\Actividad-03-ciudadanos\system\Database\BaseConnection.php(729): CodeIgniter\Database\MySQLi\Connection->execute('DELETE FROM `em...')
#2 C:\xampp2\htdocs\Actividad-03-ciudadanos\system\Database\BaseConnection.php(646): CodeIgniter\Database\BaseConnection->simpleQuery('DELETE FROM `em...')
#3 C:\xampp2\htdocs\Actividad-03-ciudadanos\system\Database\BaseBuilder.php(2848): CodeIgniter\Database\BaseConnection->query('DELETE FROM `em...', Array, false)
#4 C:\xampp2\htdocs\Actividad-03-ciudadanos\system\Model.php(521): CodeIgniter\Database\BaseBuilder->delete()
#5 C:\xampp2\htdocs\Actividad-03-ciudadanos\system\BaseModel.php(1152): CodeIgniter\Model->doDelete(Array, false)
#6 C:\xampp2\htdocs\Actividad-03-ciudadanos\app\Controllers\EmpleadoController.php(36): CodeIgniter\BaseModel->delete(Array)
#7 C:\xampp2\htdocs\Actividad-03-ciudadanos\system\CodeIgniter.php(933): App\Controllers\EmpleadoController->eliminar('5')
#8 C:\xampp2\htdocs\Actividad-03-ciudadanos\system\CodeIgniter.php(507): CodeIgniter\CodeIgniter->runController(Object(App\Controllers\EmpleadoController))
#9 C:\xampp2\htdocs\Actividad-03-ciudadanos\system\CodeIgniter.php(354): CodeIgniter\CodeIgniter->handleRequest(NULL, Object(Config\Cache), false)
#10 C:\xampp2\htdocs\Actividad-03-ciudadanos\system\Boot.php(363): CodeIgniter\CodeIgniter->run()
#11 C:\xampp2\htdocs\Actividad-03-ciudadanos\system\Boot.php(68): CodeIgniter\Boot::runCodeIgniter(Object(CodeIgniter\CodeIgniter))
#12 C:\xampp2\htdocs\Actividad-03-ciudadanos\public\index.php(59): CodeIgniter\Boot::bootWeb(Object(Config\Paths))
#13 {main}
CRITICAL - 2025-08-06 15:06:21 --> CodeIgniter\Database\Exceptions\DatabaseException: Cannot delete or update a parent row: a foreign key constraint fails (`fs2025_asignacion_equipo`.`usuarios`, CONSTRAINT `usuarios_ibfk_1` FOREIGN KEY (`usuario_id`) REFERENCES `empleados` (`empleado_id`))
[Method: GET, Route: eliminar_empleado/5]
in SYSTEMPATH\Database\BaseConnection.php on line 684.
 1 SYSTEMPATH\Database\BaseBuilder.php(2848): CodeIgniter\Database\BaseConnection->query('DELETE FROM `empleados`
WHERE `empleado_id` IN :empleado_id:', [...], false)
 2 SYSTEMPATH\Model.php(521): CodeIgniter\Database\BaseBuilder->delete()
 3 SYSTEMPATH\BaseModel.php(1152): CodeIgniter\Model->doDelete([...], false)
 4 APPPATH\Controllers\EmpleadoController.php(36): CodeIgniter\BaseModel->delete([...])
 5 SYSTEMPATH\CodeIgniter.php(933): App\Controllers\EmpleadoController->eliminar('5')
 6 SYSTEMPATH\CodeIgniter.php(507): CodeIgniter\CodeIgniter->runController(Object(App\Controllers\EmpleadoController))
 7 SYSTEMPATH\CodeIgniter.php(354): CodeIgniter\CodeIgniter->handleRequest(null, Object(Config\Cache), false)
 8 SYSTEMPATH\Boot.php(363): CodeIgniter\CodeIgniter->run()
 9 SYSTEMPATH\Boot.php(68): CodeIgniter\Boot::runCodeIgniter(Object(CodeIgniter\CodeIgniter))
10 FCPATH\index.php(59): CodeIgniter\Boot::bootWeb(Object(Config\Paths))
CRITICAL - 2025-08-06 15:06:21 --> [Caused by] CodeIgniter\Database\Exceptions\DatabaseException: Cannot delete or update a parent row: a foreign key constraint fails (`fs2025_asignacion_equipo`.`usuarios`, CONSTRAINT `usuarios_ibfk_1` FOREIGN KEY (`usuario_id`) REFERENCES `empleados` (`empleado_id`))
in SYSTEMPATH\Database\MySQLi\Connection.php on line 332.
 1 SYSTEMPATH\Database\BaseConnection.php(729): CodeIgniter\Database\MySQLi\Connection->execute('DELETE FROM `empleados`
WHERE `empleado_id` IN (\'5\')')
 2 SYSTEMPATH\Database\BaseConnection.php(646): CodeIgniter\Database\BaseConnection->simpleQuery('DELETE FROM `empleados`
WHERE `empleado_id` IN (\'5\')')
 3 SYSTEMPATH\Database\BaseBuilder.php(2848): CodeIgniter\Database\BaseConnection->query('DELETE FROM `empleados`
WHERE `empleado_id` IN :empleado_id:', [...], false)
 4 SYSTEMPATH\Model.php(521): CodeIgniter\Database\BaseBuilder->delete()
 5 SYSTEMPATH\BaseModel.php(1152): CodeIgniter\Model->doDelete([...], false)
 6 APPPATH\Controllers\EmpleadoController.php(36): CodeIgniter\BaseModel->delete([...])
 7 SYSTEMPATH\CodeIgniter.php(933): App\Controllers\EmpleadoController->eliminar('5')
 8 SYSTEMPATH\CodeIgniter.php(507): CodeIgniter\CodeIgniter->runController(Object(App\Controllers\EmpleadoController))
 9 SYSTEMPATH\CodeIgniter.php(354): CodeIgniter\CodeIgniter->handleRequest(null, Object(Config\Cache), false)
10 SYSTEMPATH\Boot.php(363): CodeIgniter\CodeIgniter->run()
11 SYSTEMPATH\Boot.php(68): CodeIgniter\Boot::runCodeIgniter(Object(CodeIgniter\CodeIgniter))
12 FCPATH\index.php(59): CodeIgniter\Boot::bootWeb(Object(Config\Paths))
CRITICAL - 2025-08-06 15:06:21 --> [Caused by] mysqli_sql_exception: Cannot delete or update a parent row: a foreign key constraint fails (`fs2025_asignacion_equipo`.`usuarios`, CONSTRAINT `usuarios_ibfk_1` FOREIGN KEY (`usuario_id`) REFERENCES `empleados` (`empleado_id`))
in SYSTEMPATH\Database\MySQLi\Connection.php on line 327.
 1 SYSTEMPATH\Database\MySQLi\Connection.php(327): mysqli->query('DELETE FROM `empleados`
WHERE `empleado_id` IN (\'5\')', 0)
 2 SYSTEMPATH\Database\BaseConnection.php(729): CodeIgniter\Database\MySQLi\Connection->execute('DELETE FROM `empleados`
WHERE `empleado_id` IN (\'5\')')
 3 SYSTEMPATH\Database\BaseConnection.php(646): CodeIgniter\Database\BaseConnection->simpleQuery('DELETE FROM `empleados`
WHERE `empleado_id` IN (\'5\')')
 4 SYSTEMPATH\Database\BaseBuilder.php(2848): CodeIgniter\Database\BaseConnection->query('DELETE FROM `empleados`
WHERE `empleado_id` IN :empleado_id:', [...], false)
 5 SYSTEMPATH\Model.php(521): CodeIgniter\Database\BaseBuilder->delete()
 6 SYSTEMPATH\BaseModel.php(1152): CodeIgniter\Model->doDelete([...], false)
 7 APPPATH\Controllers\EmpleadoController.php(36): CodeIgniter\BaseModel->delete([...])
 8 SYSTEMPATH\CodeIgniter.php(933): App\Controllers\EmpleadoController->eliminar('5')
 9 SYSTEMPATH\CodeIgniter.php(507): CodeIgniter\CodeIgniter->runController(Object(App\Controllers\EmpleadoController))
10 SYSTEMPATH\CodeIgniter.php(354): CodeIgniter\CodeIgniter->handleRequest(null, Object(Config\Cache), false)
11 SYSTEMPATH\Boot.php(363): CodeIgniter\CodeIgniter->run()
12 SYSTEMPATH\Boot.php(68): CodeIgniter\Boot::runCodeIgniter(Object(CodeIgniter\CodeIgniter))
13 FCPATH\index.php(59): CodeIgniter\Boot::bootWeb(Object(Config\Paths))
ERROR - 2025-08-06 15:06:39 --> mysqli_sql_exception: Cannot delete or update a parent row: a foreign key constraint fails (`fs2025_asignacion_equipo`.`usuarios`, CONSTRAINT `usuarios_ibfk_1` FOREIGN KEY (`usuario_id`) REFERENCES `empleados` (`empleado_id`)) in C:\xampp2\htdocs\Actividad-03-ciudadanos\system\Database\MySQLi\Connection.php:327
Stack trace:
#0 C:\xampp2\htdocs\Actividad-03-ciudadanos\system\Database\MySQLi\Connection.php(327): mysqli->query('DELETE FROM `em...', 0)
#1 C:\xampp2\htdocs\Actividad-03-ciudadanos\system\Database\BaseConnection.php(729): CodeIgniter\Database\MySQLi\Connection->execute('DELETE FROM `em...')
#2 C:\xampp2\htdocs\Actividad-03-ciudadanos\system\Database\BaseConnection.php(646): CodeIgniter\Database\BaseConnection->simpleQuery('DELETE FROM `em...')
#3 C:\xampp2\htdocs\Actividad-03-ciudadanos\system\Database\BaseBuilder.php(2848): CodeIgniter\Database\BaseConnection->query('DELETE FROM `em...', Array, false)
#4 C:\xampp2\htdocs\Actividad-03-ciudadanos\system\Model.php(521): CodeIgniter\Database\BaseBuilder->delete()
#5 C:\xampp2\htdocs\Actividad-03-ciudadanos\system\BaseModel.php(1152): CodeIgniter\Model->doDelete(Array, false)
#6 C:\xampp2\htdocs\Actividad-03-ciudadanos\app\Controllers\EmpleadoController.php(36): CodeIgniter\BaseModel->delete(Array)
#7 C:\xampp2\htdocs\Actividad-03-ciudadanos\system\CodeIgniter.php(933): App\Controllers\EmpleadoController->eliminar('7')
#8 C:\xampp2\htdocs\Actividad-03-ciudadanos\system\CodeIgniter.php(507): CodeIgniter\CodeIgniter->runController(Object(App\Controllers\EmpleadoController))
#9 C:\xampp2\htdocs\Actividad-03-ciudadanos\system\CodeIgniter.php(354): CodeIgniter\CodeIgniter->handleRequest(NULL, Object(Config\Cache), false)
#10 C:\xampp2\htdocs\Actividad-03-ciudadanos\system\Boot.php(363): CodeIgniter\CodeIgniter->run()
#11 C:\xampp2\htdocs\Actividad-03-ciudadanos\system\Boot.php(68): CodeIgniter\Boot::runCodeIgniter(Object(CodeIgniter\CodeIgniter))
#12 C:\xampp2\htdocs\Actividad-03-ciudadanos\public\index.php(59): CodeIgniter\Boot::bootWeb(Object(Config\Paths))
#13 {main}
CRITICAL - 2025-08-06 15:06:39 --> CodeIgniter\Database\Exceptions\DatabaseException: Cannot delete or update a parent row: a foreign key constraint fails (`fs2025_asignacion_equipo`.`usuarios`, CONSTRAINT `usuarios_ibfk_1` FOREIGN KEY (`usuario_id`) REFERENCES `empleados` (`empleado_id`))
[Method: GET, Route: eliminar_empleado/7]
in SYSTEMPATH\Database\BaseConnection.php on line 684.
 1 SYSTEMPATH\Database\BaseBuilder.php(2848): CodeIgniter\Database\BaseConnection->query('DELETE FROM `empleados`
WHERE `empleado_id` IN :empleado_id:', [...], false)
 2 SYSTEMPATH\Model.php(521): CodeIgniter\Database\BaseBuilder->delete()
 3 SYSTEMPATH\BaseModel.php(1152): CodeIgniter\Model->doDelete([...], false)
 4 APPPATH\Controllers\EmpleadoController.php(36): CodeIgniter\BaseModel->delete([...])
 5 SYSTEMPATH\CodeIgniter.php(933): App\Controllers\EmpleadoController->eliminar('7')
 6 SYSTEMPATH\CodeIgniter.php(507): CodeIgniter\CodeIgniter->runController(Object(App\Controllers\EmpleadoController))
 7 SYSTEMPATH\CodeIgniter.php(354): CodeIgniter\CodeIgniter->handleRequest(null, Object(Config\Cache), false)
 8 SYSTEMPATH\Boot.php(363): CodeIgniter\CodeIgniter->run()
 9 SYSTEMPATH\Boot.php(68): CodeIgniter\Boot::runCodeIgniter(Object(CodeIgniter\CodeIgniter))
10 FCPATH\index.php(59): CodeIgniter\Boot::bootWeb(Object(Config\Paths))
CRITICAL - 2025-08-06 15:06:39 --> [Caused by] CodeIgniter\Database\Exceptions\DatabaseException: Cannot delete or update a parent row: a foreign key constraint fails (`fs2025_asignacion_equipo`.`usuarios`, CONSTRAINT `usuarios_ibfk_1` FOREIGN KEY (`usuario_id`) REFERENCES `empleados` (`empleado_id`))
in SYSTEMPATH\Database\MySQLi\Connection.php on line 332.
 1 SYSTEMPATH\Database\BaseConnection.php(729): CodeIgniter\Database\MySQLi\Connection->execute('DELETE FROM `empleados`
WHERE `empleado_id` IN (\'7\')')
 2 SYSTEMPATH\Database\BaseConnection.php(646): CodeIgniter\Database\BaseConnection->simpleQuery('DELETE FROM `empleados`
WHERE `empleado_id` IN (\'7\')')
 3 SYSTEMPATH\Database\BaseBuilder.php(2848): CodeIgniter\Database\BaseConnection->query('DELETE FROM `empleados`
WHERE `empleado_id` IN :empleado_id:', [...], false)
 4 SYSTEMPATH\Model.php(521): CodeIgniter\Database\BaseBuilder->delete()
 5 SYSTEMPATH\BaseModel.php(1152): CodeIgniter\Model->doDelete([...], false)
 6 APPPATH\Controllers\EmpleadoController.php(36): CodeIgniter\BaseModel->delete([...])
 7 SYSTEMPATH\CodeIgniter.php(933): App\Controllers\EmpleadoController->eliminar('7')
 8 SYSTEMPATH\CodeIgniter.php(507): CodeIgniter\CodeIgniter->runController(Object(App\Controllers\EmpleadoController))
 9 SYSTEMPATH\CodeIgniter.php(354): CodeIgniter\CodeIgniter->handleRequest(null, Object(Config\Cache), false)
10 SYSTEMPATH\Boot.php(363): CodeIgniter\CodeIgniter->run()
11 SYSTEMPATH\Boot.php(68): CodeIgniter\Boot::runCodeIgniter(Object(CodeIgniter\CodeIgniter))
12 FCPATH\index.php(59): CodeIgniter\Boot::bootWeb(Object(Config\Paths))
CRITICAL - 2025-08-06 15:06:39 --> [Caused by] mysqli_sql_exception: Cannot delete or update a parent row: a foreign key constraint fails (`fs2025_asignacion_equipo`.`usuarios`, CONSTRAINT `usuarios_ibfk_1` FOREIGN KEY (`usuario_id`) REFERENCES `empleados` (`empleado_id`))
in SYSTEMPATH\Database\MySQLi\Connection.php on line 327.
 1 SYSTEMPATH\Database\MySQLi\Connection.php(327): mysqli->query('DELETE FROM `empleados`
WHERE `empleado_id` IN (\'7\')', 0)
 2 SYSTEMPATH\Database\BaseConnection.php(729): CodeIgniter\Database\MySQLi\Connection->execute('DELETE FROM `empleados`
WHERE `empleado_id` IN (\'7\')')
 3 SYSTEMPATH\Database\BaseConnection.php(646): CodeIgniter\Database\BaseConnection->simpleQuery('DELETE FROM `empleados`
WHERE `empleado_id` IN (\'7\')')
 4 SYSTEMPATH\Database\BaseBuilder.php(2848): CodeIgniter\Database\BaseConnection->query('DELETE FROM `empleados`
WHERE `empleado_id` IN :empleado_id:', [...], false)
 5 SYSTEMPATH\Model.php(521): CodeIgniter\Database\BaseBuilder->delete()
 6 SYSTEMPATH\BaseModel.php(1152): CodeIgniter\Model->doDelete([...], false)
 7 APPPATH\Controllers\EmpleadoController.php(36): CodeIgniter\BaseModel->delete([...])
 8 SYSTEMPATH\CodeIgniter.php(933): App\Controllers\EmpleadoController->eliminar('7')
 9 SYSTEMPATH\CodeIgniter.php(507): CodeIgniter\CodeIgniter->runController(Object(App\Controllers\EmpleadoController))
10 SYSTEMPATH\CodeIgniter.php(354): CodeIgniter\CodeIgniter->handleRequest(null, Object(Config\Cache), false)
11 SYSTEMPATH\Boot.php(363): CodeIgniter\CodeIgniter->run()
12 SYSTEMPATH\Boot.php(68): CodeIgniter\Boot::runCodeIgniter(Object(CodeIgniter\CodeIgniter))
13 FCPATH\index.php(59): CodeIgniter\Boot::bootWeb(Object(Config\Paths))
ERROR - 2025-08-06 15:08:57 --> mysqli_sql_exception: Cannot delete or update a parent row: a foreign key constraint fails (`fs2025_asignacion_equipo`.`usuarios`, CONSTRAINT `usuarios_ibfk_1` FOREIGN KEY (`usuario_id`) REFERENCES `empleados` (`empleado_id`)) in C:\xampp2\htdocs\Actividad-03-ciudadanos\system\Database\MySQLi\Connection.php:327
Stack trace:
#0 C:\xampp2\htdocs\Actividad-03-ciudadanos\system\Database\MySQLi\Connection.php(327): mysqli->query('DELETE FROM `em...', 0)
#1 C:\xampp2\htdocs\Actividad-03-ciudadanos\system\Database\BaseConnection.php(729): CodeIgniter\Database\MySQLi\Connection->execute('DELETE FROM `em...')
#2 C:\xampp2\htdocs\Actividad-03-ciudadanos\system\Database\BaseConnection.php(646): CodeIgniter\Database\BaseConnection->simpleQuery('DELETE FROM `em...')
#3 C:\xampp2\htdocs\Actividad-03-ciudadanos\system\Database\BaseBuilder.php(2848): CodeIgniter\Database\BaseConnection->query('DELETE FROM `em...', Array, false)
#4 C:\xampp2\htdocs\Actividad-03-ciudadanos\system\Model.php(521): CodeIgniter\Database\BaseBuilder->delete()
#5 C:\xampp2\htdocs\Actividad-03-ciudadanos\system\BaseModel.php(1152): CodeIgniter\Model->doDelete(Array, false)
#6 C:\xampp2\htdocs\Actividad-03-ciudadanos\app\Controllers\EmpleadoController.php(36): CodeIgniter\BaseModel->delete(Array)
#7 C:\xampp2\htdocs\Actividad-03-ciudadanos\system\CodeIgniter.php(933): App\Controllers\EmpleadoController->eliminar('7')
#8 C:\xampp2\htdocs\Actividad-03-ciudadanos\system\CodeIgniter.php(507): CodeIgniter\CodeIgniter->runController(Object(App\Controllers\EmpleadoController))
#9 C:\xampp2\htdocs\Actividad-03-ciudadanos\system\CodeIgniter.php(354): CodeIgniter\CodeIgniter->handleRequest(NULL, Object(Config\Cache), false)
#10 C:\xampp2\htdocs\Actividad-03-ciudadanos\system\Boot.php(363): CodeIgniter\CodeIgniter->run()
#11 C:\xampp2\htdocs\Actividad-03-ciudadanos\system\Boot.php(68): CodeIgniter\Boot::runCodeIgniter(Object(CodeIgniter\CodeIgniter))
#12 C:\xampp2\htdocs\Actividad-03-ciudadanos\public\index.php(59): CodeIgniter\Boot::bootWeb(Object(Config\Paths))
#13 {main}
CRITICAL - 2025-08-06 15:08:57 --> CodeIgniter\Database\Exceptions\DatabaseException: Cannot delete or update a parent row: a foreign key constraint fails (`fs2025_asignacion_equipo`.`usuarios`, CONSTRAINT `usuarios_ibfk_1` FOREIGN KEY (`usuario_id`) REFERENCES `empleados` (`empleado_id`))
[Method: GET, Route: eliminar_empleado/7]
in SYSTEMPATH\Database\BaseConnection.php on line 684.
 1 SYSTEMPATH\Database\BaseBuilder.php(2848): CodeIgniter\Database\BaseConnection->query('DELETE FROM `empleados`
WHERE `empleado_id` IN :empleado_id:', [...], false)
 2 SYSTEMPATH\Model.php(521): CodeIgniter\Database\BaseBuilder->delete()
 3 SYSTEMPATH\BaseModel.php(1152): CodeIgniter\Model->doDelete([...], false)
 4 APPPATH\Controllers\EmpleadoController.php(36): CodeIgniter\BaseModel->delete([...])
 5 SYSTEMPATH\CodeIgniter.php(933): App\Controllers\EmpleadoController->eliminar('7')
 6 SYSTEMPATH\CodeIgniter.php(507): CodeIgniter\CodeIgniter->runController(Object(App\Controllers\EmpleadoController))
 7 SYSTEMPATH\CodeIgniter.php(354): CodeIgniter\CodeIgniter->handleRequest(null, Object(Config\Cache), false)
 8 SYSTEMPATH\Boot.php(363): CodeIgniter\CodeIgniter->run()
 9 SYSTEMPATH\Boot.php(68): CodeIgniter\Boot::runCodeIgniter(Object(CodeIgniter\CodeIgniter))
10 FCPATH\index.php(59): CodeIgniter\Boot::bootWeb(Object(Config\Paths))
CRITICAL - 2025-08-06 15:08:57 --> [Caused by] CodeIgniter\Database\Exceptions\DatabaseException: Cannot delete or update a parent row: a foreign key constraint fails (`fs2025_asignacion_equipo`.`usuarios`, CONSTRAINT `usuarios_ibfk_1` FOREIGN KEY (`usuario_id`) REFERENCES `empleados` (`empleado_id`))
in SYSTEMPATH\Database\MySQLi\Connection.php on line 332.
 1 SYSTEMPATH\Database\BaseConnection.php(729): CodeIgniter\Database\MySQLi\Connection->execute('DELETE FROM `empleados`
WHERE `empleado_id` IN (\'7\')')
 2 SYSTEMPATH\Database\BaseConnection.php(646): CodeIgniter\Database\BaseConnection->simpleQuery('DELETE FROM `empleados`
WHERE `empleado_id` IN (\'7\')')
 3 SYSTEMPATH\Database\BaseBuilder.php(2848): CodeIgniter\Database\BaseConnection->query('DELETE FROM `empleados`
WHERE `empleado_id` IN :empleado_id:', [...], false)
 4 SYSTEMPATH\Model.php(521): CodeIgniter\Database\BaseBuilder->delete()
 5 SYSTEMPATH\BaseModel.php(1152): CodeIgniter\Model->doDelete([...], false)
 6 APPPATH\Controllers\EmpleadoController.php(36): CodeIgniter\BaseModel->delete([...])
 7 SYSTEMPATH\CodeIgniter.php(933): App\Controllers\EmpleadoController->eliminar('7')
 8 SYSTEMPATH\CodeIgniter.php(507): CodeIgniter\CodeIgniter->runController(Object(App\Controllers\EmpleadoController))
 9 SYSTEMPATH\CodeIgniter.php(354): CodeIgniter\CodeIgniter->handleRequest(null, Object(Config\Cache), false)
10 SYSTEMPATH\Boot.php(363): CodeIgniter\CodeIgniter->run()
11 SYSTEMPATH\Boot.php(68): CodeIgniter\Boot::runCodeIgniter(Object(CodeIgniter\CodeIgniter))
12 FCPATH\index.php(59): CodeIgniter\Boot::bootWeb(Object(Config\Paths))
CRITICAL - 2025-08-06 15:08:57 --> [Caused by] mysqli_sql_exception: Cannot delete or update a parent row: a foreign key constraint fails (`fs2025_asignacion_equipo`.`usuarios`, CONSTRAINT `usuarios_ibfk_1` FOREIGN KEY (`usuario_id`) REFERENCES `empleados` (`empleado_id`))
in SYSTEMPATH\Database\MySQLi\Connection.php on line 327.
 1 SYSTEMPATH\Database\MySQLi\Connection.php(327): mysqli->query('DELETE FROM `empleados`
WHERE `empleado_id` IN (\'7\')', 0)
 2 SYSTEMPATH\Database\BaseConnection.php(729): CodeIgniter\Database\MySQLi\Connection->execute('DELETE FROM `empleados`
WHERE `empleado_id` IN (\'7\')')
 3 SYSTEMPATH\Database\BaseConnection.php(646): CodeIgniter\Database\BaseConnection->simpleQuery('DELETE FROM `empleados`
WHERE `empleado_id` IN (\'7\')')
 4 SYSTEMPATH\Database\BaseBuilder.php(2848): CodeIgniter\Database\BaseConnection->query('DELETE FROM `empleados`
WHERE `empleado_id` IN :empleado_id:', [...], false)
 5 SYSTEMPATH\Model.php(521): CodeIgniter\Database\BaseBuilder->delete()
 6 SYSTEMPATH\BaseModel.php(1152): CodeIgniter\Model->doDelete([...], false)
 7 APPPATH\Controllers\EmpleadoController.php(36): CodeIgniter\BaseModel->delete([...])
 8 SYSTEMPATH\CodeIgniter.php(933): App\Controllers\EmpleadoController->eliminar('7')
 9 SYSTEMPATH\CodeIgniter.php(507): CodeIgniter\CodeIgniter->runController(Object(App\Controllers\EmpleadoController))
10 SYSTEMPATH\CodeIgniter.php(354): CodeIgniter\CodeIgniter->handleRequest(null, Object(Config\Cache), false)
11 SYSTEMPATH\Boot.php(363): CodeIgniter\CodeIgniter->run()
12 SYSTEMPATH\Boot.php(68): CodeIgniter\Boot::runCodeIgniter(Object(CodeIgniter\CodeIgniter))
13 FCPATH\index.php(59): CodeIgniter\Boot::bootWeb(Object(Config\Paths))
ERROR - 2025-08-06 15:09:13 --> mysqli_sql_exception: Cannot delete or update a parent row: a foreign key constraint fails (`fs2025_asignacion_equipo`.`usuarios`, CONSTRAINT `usuarios_ibfk_1` FOREIGN KEY (`usuario_id`) REFERENCES `empleados` (`empleado_id`)) in C:\xampp2\htdocs\Actividad-03-ciudadanos\system\Database\MySQLi\Connection.php:327
Stack trace:
#0 C:\xampp2\htdocs\Actividad-03-ciudadanos\system\Database\MySQLi\Connection.php(327): mysqli->query('DELETE FROM `em...', 0)
#1 C:\xampp2\htdocs\Actividad-03-ciudadanos\system\Database\BaseConnection.php(729): CodeIgniter\Database\MySQLi\Connection->execute('DELETE FROM `em...')
#2 C:\xampp2\htdocs\Actividad-03-ciudadanos\system\Database\BaseConnection.php(646): CodeIgniter\Database\BaseConnection->simpleQuery('DELETE FROM `em...')
#3 C:\xampp2\htdocs\Actividad-03-ciudadanos\system\Database\BaseBuilder.php(2848): CodeIgniter\Database\BaseConnection->query('DELETE FROM `em...', Array, false)
#4 C:\xampp2\htdocs\Actividad-03-ciudadanos\system\Model.php(521): CodeIgniter\Database\BaseBuilder->delete()
#5 C:\xampp2\htdocs\Actividad-03-ciudadanos\system\BaseModel.php(1152): CodeIgniter\Model->doDelete(Array, false)
#6 C:\xampp2\htdocs\Actividad-03-ciudadanos\app\Controllers\EmpleadoController.php(36): CodeIgniter\BaseModel->delete(Array)
#7 C:\xampp2\htdocs\Actividad-03-ciudadanos\system\CodeIgniter.php(933): App\Controllers\EmpleadoController->eliminar('7')
#8 C:\xampp2\htdocs\Actividad-03-ciudadanos\system\CodeIgniter.php(507): CodeIgniter\CodeIgniter->runController(Object(App\Controllers\EmpleadoController))
#9 C:\xampp2\htdocs\Actividad-03-ciudadanos\system\CodeIgniter.php(354): CodeIgniter\CodeIgniter->handleRequest(NULL, Object(Config\Cache), false)
#10 C:\xampp2\htdocs\Actividad-03-ciudadanos\system\Boot.php(363): CodeIgniter\CodeIgniter->run()
#11 C:\xampp2\htdocs\Actividad-03-ciudadanos\system\Boot.php(68): CodeIgniter\Boot::runCodeIgniter(Object(CodeIgniter\CodeIgniter))
#12 C:\xampp2\htdocs\Actividad-03-ciudadanos\public\index.php(59): CodeIgniter\Boot::bootWeb(Object(Config\Paths))
#13 {main}
CRITICAL - 2025-08-06 15:09:13 --> CodeIgniter\Database\Exceptions\DatabaseException: Cannot delete or update a parent row: a foreign key constraint fails (`fs2025_asignacion_equipo`.`usuarios`, CONSTRAINT `usuarios_ibfk_1` FOREIGN KEY (`usuario_id`) REFERENCES `empleados` (`empleado_id`))
[Method: GET, Route: eliminar_empleado/7]
in SYSTEMPATH\Database\BaseConnection.php on line 684.
 1 SYSTEMPATH\Database\BaseBuilder.php(2848): CodeIgniter\Database\BaseConnection->query('DELETE FROM `empleados`
WHERE `empleado_id` IN :empleado_id:', [...], false)
 2 SYSTEMPATH\Model.php(521): CodeIgniter\Database\BaseBuilder->delete()
 3 SYSTEMPATH\BaseModel.php(1152): CodeIgniter\Model->doDelete([...], false)
 4 APPPATH\Controllers\EmpleadoController.php(36): CodeIgniter\BaseModel->delete([...])
 5 SYSTEMPATH\CodeIgniter.php(933): App\Controllers\EmpleadoController->eliminar('7')
 6 SYSTEMPATH\CodeIgniter.php(507): CodeIgniter\CodeIgniter->runController(Object(App\Controllers\EmpleadoController))
 7 SYSTEMPATH\CodeIgniter.php(354): CodeIgniter\CodeIgniter->handleRequest(null, Object(Config\Cache), false)
 8 SYSTEMPATH\Boot.php(363): CodeIgniter\CodeIgniter->run()
 9 SYSTEMPATH\Boot.php(68): CodeIgniter\Boot::runCodeIgniter(Object(CodeIgniter\CodeIgniter))
10 FCPATH\index.php(59): CodeIgniter\Boot::bootWeb(Object(Config\Paths))
CRITICAL - 2025-08-06 15:09:13 --> [Caused by] CodeIgniter\Database\Exceptions\DatabaseException: Cannot delete or update a parent row: a foreign key constraint fails (`fs2025_asignacion_equipo`.`usuarios`, CONSTRAINT `usuarios_ibfk_1` FOREIGN KEY (`usuario_id`) REFERENCES `empleados` (`empleado_id`))
in SYSTEMPATH\Database\MySQLi\Connection.php on line 332.
 1 SYSTEMPATH\Database\BaseConnection.php(729): CodeIgniter\Database\MySQLi\Connection->execute('DELETE FROM `empleados`
WHERE `empleado_id` IN (\'7\')')
 2 SYSTEMPATH\Database\BaseConnection.php(646): CodeIgniter\Database\BaseConnection->simpleQuery('DELETE FROM `empleados`
WHERE `empleado_id` IN (\'7\')')
 3 SYSTEMPATH\Database\BaseBuilder.php(2848): CodeIgniter\Database\BaseConnection->query('DELETE FROM `empleados`
WHERE `empleado_id` IN :empleado_id:', [...], false)
 4 SYSTEMPATH\Model.php(521): CodeIgniter\Database\BaseBuilder->delete()
 5 SYSTEMPATH\BaseModel.php(1152): CodeIgniter\Model->doDelete([...], false)
 6 APPPATH\Controllers\EmpleadoController.php(36): CodeIgniter\BaseModel->delete([...])
 7 SYSTEMPATH\CodeIgniter.php(933): App\Controllers\EmpleadoController->eliminar('7')
 8 SYSTEMPATH\CodeIgniter.php(507): CodeIgniter\CodeIgniter->runController(Object(App\Controllers\EmpleadoController))
 9 SYSTEMPATH\CodeIgniter.php(354): CodeIgniter\CodeIgniter->handleRequest(null, Object(Config\Cache), false)
10 SYSTEMPATH\Boot.php(363): CodeIgniter\CodeIgniter->run()
11 SYSTEMPATH\Boot.php(68): CodeIgniter\Boot::runCodeIgniter(Object(CodeIgniter\CodeIgniter))
12 FCPATH\index.php(59): CodeIgniter\Boot::bootWeb(Object(Config\Paths))
CRITICAL - 2025-08-06 15:09:13 --> [Caused by] mysqli_sql_exception: Cannot delete or update a parent row: a foreign key constraint fails (`fs2025_asignacion_equipo`.`usuarios`, CONSTRAINT `usuarios_ibfk_1` FOREIGN KEY (`usuario_id`) REFERENCES `empleados` (`empleado_id`))
in SYSTEMPATH\Database\MySQLi\Connection.php on line 327.
 1 SYSTEMPATH\Database\MySQLi\Connection.php(327): mysqli->query('DELETE FROM `empleados`
WHERE `empleado_id` IN (\'7\')', 0)
 2 SYSTEMPATH\Database\BaseConnection.php(729): CodeIgniter\Database\MySQLi\Connection->execute('DELETE FROM `empleados`
WHERE `empleado_id` IN (\'7\')')
 3 SYSTEMPATH\Database\BaseConnection.php(646): CodeIgniter\Database\BaseConnection->simpleQuery('DELETE FROM `empleados`
WHERE `empleado_id` IN (\'7\')')
 4 SYSTEMPATH\Database\BaseBuilder.php(2848): CodeIgniter\Database\BaseConnection->query('DELETE FROM `empleados`
WHERE `empleado_id` IN :empleado_id:', [...], false)
 5 SYSTEMPATH\Model.php(521): CodeIgniter\Database\BaseBuilder->delete()
 6 SYSTEMPATH\BaseModel.php(1152): CodeIgniter\Model->doDelete([...], false)
 7 APPPATH\Controllers\EmpleadoController.php(36): CodeIgniter\BaseModel->delete([...])
 8 SYSTEMPATH\CodeIgniter.php(933): App\Controllers\EmpleadoController->eliminar('7')
 9 SYSTEMPATH\CodeIgniter.php(507): CodeIgniter\CodeIgniter->runController(Object(App\Controllers\EmpleadoController))
10 SYSTEMPATH\CodeIgniter.php(354): CodeIgniter\CodeIgniter->handleRequest(null, Object(Config\Cache), false)
11 SYSTEMPATH\Boot.php(363): CodeIgniter\CodeIgniter->run()
12 SYSTEMPATH\Boot.php(68): CodeIgniter\Boot::runCodeIgniter(Object(CodeIgniter\CodeIgniter))
13 FCPATH\index.php(59): CodeIgniter\Boot::bootWeb(Object(Config\Paths))
ERROR - 2025-08-06 15:09:51 --> mysqli_sql_exception: Cannot delete or update a parent row: a foreign key constraint fails (`fs2025_asignacion_equipo`.`usuarios`, CONSTRAINT `usuarios_ibfk_1` FOREIGN KEY (`usuario_id`) REFERENCES `empleados` (`empleado_id`)) in C:\xampp2\htdocs\Actividad-03-ciudadanos\system\Database\MySQLi\Connection.php:327
Stack trace:
#0 C:\xampp2\htdocs\Actividad-03-ciudadanos\system\Database\MySQLi\Connection.php(327): mysqli->query('DELETE FROM `em...', 0)
#1 C:\xampp2\htdocs\Actividad-03-ciudadanos\system\Database\BaseConnection.php(729): CodeIgniter\Database\MySQLi\Connection->execute('DELETE FROM `em...')
#2 C:\xampp2\htdocs\Actividad-03-ciudadanos\system\Database\BaseConnection.php(646): CodeIgniter\Database\BaseConnection->simpleQuery('DELETE FROM `em...')
#3 C:\xampp2\htdocs\Actividad-03-ciudadanos\system\Database\BaseBuilder.php(2848): CodeIgniter\Database\BaseConnection->query('DELETE FROM `em...', Array, false)
#4 C:\xampp2\htdocs\Actividad-03-ciudadanos\system\Model.php(521): CodeIgniter\Database\BaseBuilder->delete()
#5 C:\xampp2\htdocs\Actividad-03-ciudadanos\system\BaseModel.php(1152): CodeIgniter\Model->doDelete(Array, false)
#6 C:\xampp2\htdocs\Actividad-03-ciudadanos\app\Controllers\EmpleadoController.php(36): CodeIgniter\BaseModel->delete(Array)
#7 C:\xampp2\htdocs\Actividad-03-ciudadanos\system\CodeIgniter.php(933): App\Controllers\EmpleadoController->eliminar('4')
#8 C:\xampp2\htdocs\Actividad-03-ciudadanos\system\CodeIgniter.php(507): CodeIgniter\CodeIgniter->runController(Object(App\Controllers\EmpleadoController))
#9 C:\xampp2\htdocs\Actividad-03-ciudadanos\system\CodeIgniter.php(354): CodeIgniter\CodeIgniter->handleRequest(NULL, Object(Config\Cache), false)
#10 C:\xampp2\htdocs\Actividad-03-ciudadanos\system\Boot.php(363): CodeIgniter\CodeIgniter->run()
#11 C:\xampp2\htdocs\Actividad-03-ciudadanos\system\Boot.php(68): CodeIgniter\Boot::runCodeIgniter(Object(CodeIgniter\CodeIgniter))
#12 C:\xampp2\htdocs\Actividad-03-ciudadanos\public\index.php(59): CodeIgniter\Boot::bootWeb(Object(Config\Paths))
#13 {main}
CRITICAL - 2025-08-06 15:09:51 --> CodeIgniter\Database\Exceptions\DatabaseException: Cannot delete or update a parent row: a foreign key constraint fails (`fs2025_asignacion_equipo`.`usuarios`, CONSTRAINT `usuarios_ibfk_1` FOREIGN KEY (`usuario_id`) REFERENCES `empleados` (`empleado_id`))
[Method: GET, Route: eliminar_empleado/4]
in SYSTEMPATH\Database\BaseConnection.php on line 684.
 1 SYSTEMPATH\Database\BaseBuilder.php(2848): CodeIgniter\Database\BaseConnection->query('DELETE FROM `empleados`
WHERE `empleado_id` IN :empleado_id:', [...], false)
 2 SYSTEMPATH\Model.php(521): CodeIgniter\Database\BaseBuilder->delete()
 3 SYSTEMPATH\BaseModel.php(1152): CodeIgniter\Model->doDelete([...], false)
 4 APPPATH\Controllers\EmpleadoController.php(36): CodeIgniter\BaseModel->delete([...])
 5 SYSTEMPATH\CodeIgniter.php(933): App\Controllers\EmpleadoController->eliminar('4')
 6 SYSTEMPATH\CodeIgniter.php(507): CodeIgniter\CodeIgniter->runController(Object(App\Controllers\EmpleadoController))
 7 SYSTEMPATH\CodeIgniter.php(354): CodeIgniter\CodeIgniter->handleRequest(null, Object(Config\Cache), false)
 8 SYSTEMPATH\Boot.php(363): CodeIgniter\CodeIgniter->run()
 9 SYSTEMPATH\Boot.php(68): CodeIgniter\Boot::runCodeIgniter(Object(CodeIgniter\CodeIgniter))
10 FCPATH\index.php(59): CodeIgniter\Boot::bootWeb(Object(Config\Paths))
CRITICAL - 2025-08-06 15:09:51 --> [Caused by] CodeIgniter\Database\Exceptions\DatabaseException: Cannot delete or update a parent row: a foreign key constraint fails (`fs2025_asignacion_equipo`.`usuarios`, CONSTRAINT `usuarios_ibfk_1` FOREIGN KEY (`usuario_id`) REFERENCES `empleados` (`empleado_id`))
in SYSTEMPATH\Database\MySQLi\Connection.php on line 332.
 1 SYSTEMPATH\Database\BaseConnection.php(729): CodeIgniter\Database\MySQLi\Connection->execute('DELETE FROM `empleados`
WHERE `empleado_id` IN (\'4\')')
 2 SYSTEMPATH\Database\BaseConnection.php(646): CodeIgniter\Database\BaseConnection->simpleQuery('DELETE FROM `empleados`
WHERE `empleado_id` IN (\'4\')')
 3 SYSTEMPATH\Database\BaseBuilder.php(2848): CodeIgniter\Database\BaseConnection->query('DELETE FROM `empleados`
WHERE `empleado_id` IN :empleado_id:', [...], false)
 4 SYSTEMPATH\Model.php(521): CodeIgniter\Database\BaseBuilder->delete()
 5 SYSTEMPATH\BaseModel.php(1152): CodeIgniter\Model->doDelete([...], false)
 6 APPPATH\Controllers\EmpleadoController.php(36): CodeIgniter\BaseModel->delete([...])
 7 SYSTEMPATH\CodeIgniter.php(933): App\Controllers\EmpleadoController->eliminar('4')
 8 SYSTEMPATH\CodeIgniter.php(507): CodeIgniter\CodeIgniter->runController(Object(App\Controllers\EmpleadoController))
 9 SYSTEMPATH\CodeIgniter.php(354): CodeIgniter\CodeIgniter->handleRequest(null, Object(Config\Cache), false)
10 SYSTEMPATH\Boot.php(363): CodeIgniter\CodeIgniter->run()
11 SYSTEMPATH\Boot.php(68): CodeIgniter\Boot::runCodeIgniter(Object(CodeIgniter\CodeIgniter))
12 FCPATH\index.php(59): CodeIgniter\Boot::bootWeb(Object(Config\Paths))
CRITICAL - 2025-08-06 15:09:51 --> [Caused by] mysqli_sql_exception: Cannot delete or update a parent row: a foreign key constraint fails (`fs2025_asignacion_equipo`.`usuarios`, CONSTRAINT `usuarios_ibfk_1` FOREIGN KEY (`usuario_id`) REFERENCES `empleados` (`empleado_id`))
in SYSTEMPATH\Database\MySQLi\Connection.php on line 327.
 1 SYSTEMPATH\Database\MySQLi\Connection.php(327): mysqli->query('DELETE FROM `empleados`
WHERE `empleado_id` IN (\'4\')', 0)
 2 SYSTEMPATH\Database\BaseConnection.php(729): CodeIgniter\Database\MySQLi\Connection->execute('DELETE FROM `empleados`
WHERE `empleado_id` IN (\'4\')')
 3 SYSTEMPATH\Database\BaseConnection.php(646): CodeIgniter\Database\BaseConnection->simpleQuery('DELETE FROM `empleados`
WHERE `empleado_id` IN (\'4\')')
 4 SYSTEMPATH\Database\BaseBuilder.php(2848): CodeIgniter\Database\BaseConnection->query('DELETE FROM `empleados`
WHERE `empleado_id` IN :empleado_id:', [...], false)
 5 SYSTEMPATH\Model.php(521): CodeIgniter\Database\BaseBuilder->delete()
 6 SYSTEMPATH\BaseModel.php(1152): CodeIgniter\Model->doDelete([...], false)
 7 APPPATH\Controllers\EmpleadoController.php(36): CodeIgniter\BaseModel->delete([...])
 8 SYSTEMPATH\CodeIgniter.php(933): App\Controllers\EmpleadoController->eliminar('4')
 9 SYSTEMPATH\CodeIgniter.php(507): CodeIgniter\CodeIgniter->runController(Object(App\Controllers\EmpleadoController))
10 SYSTEMPATH\CodeIgniter.php(354): CodeIgniter\CodeIgniter->handleRequest(null, Object(Config\Cache), false)
11 SYSTEMPATH\Boot.php(363): CodeIgniter\CodeIgniter->run()
12 SYSTEMPATH\Boot.php(68): CodeIgniter\Boot::runCodeIgniter(Object(CodeIgniter\CodeIgniter))
13 FCPATH\index.php(59): CodeIgniter\Boot::bootWeb(Object(Config\Paths))
ERROR - 2025-08-06 15:09:57 --> mysqli_sql_exception: Cannot delete or update a parent row: a foreign key constraint fails (`fs2025_asignacion_equipo`.`usuarios`, CONSTRAINT `usuarios_ibfk_1` FOREIGN KEY (`usuario_id`) REFERENCES `empleados` (`empleado_id`)) in C:\xampp2\htdocs\Actividad-03-ciudadanos\system\Database\MySQLi\Connection.php:327
Stack trace:
#0 C:\xampp2\htdocs\Actividad-03-ciudadanos\system\Database\MySQLi\Connection.php(327): mysqli->query('DELETE FROM `em...', 0)
#1 C:\xampp2\htdocs\Actividad-03-ciudadanos\system\Database\BaseConnection.php(729): CodeIgniter\Database\MySQLi\Connection->execute('DELETE FROM `em...')
#2 C:\xampp2\htdocs\Actividad-03-ciudadanos\system\Database\BaseConnection.php(646): CodeIgniter\Database\BaseConnection->simpleQuery('DELETE FROM `em...')
#3 C:\xampp2\htdocs\Actividad-03-ciudadanos\system\Database\BaseBuilder.php(2848): CodeIgniter\Database\BaseConnection->query('DELETE FROM `em...', Array, false)
#4 C:\xampp2\htdocs\Actividad-03-ciudadanos\system\Model.php(521): CodeIgniter\Database\BaseBuilder->delete()
#5 C:\xampp2\htdocs\Actividad-03-ciudadanos\system\BaseModel.php(1152): CodeIgniter\Model->doDelete(Array, false)
#6 C:\xampp2\htdocs\Actividad-03-ciudadanos\app\Controllers\EmpleadoController.php(36): CodeIgniter\BaseModel->delete(Array)
#7 C:\xampp2\htdocs\Actividad-03-ciudadanos\system\CodeIgniter.php(933): App\Controllers\EmpleadoController->eliminar('5')
#8 C:\xampp2\htdocs\Actividad-03-ciudadanos\system\CodeIgniter.php(507): CodeIgniter\CodeIgniter->runController(Object(App\Controllers\EmpleadoController))
#9 C:\xampp2\htdocs\Actividad-03-ciudadanos\system\CodeIgniter.php(354): CodeIgniter\CodeIgniter->handleRequest(NULL, Object(Config\Cache), false)
#10 C:\xampp2\htdocs\Actividad-03-ciudadanos\system\Boot.php(363): CodeIgniter\CodeIgniter->run()
#11 C:\xampp2\htdocs\Actividad-03-ciudadanos\system\Boot.php(68): CodeIgniter\Boot::runCodeIgniter(Object(CodeIgniter\CodeIgniter))
#12 C:\xampp2\htdocs\Actividad-03-ciudadanos\public\index.php(59): CodeIgniter\Boot::bootWeb(Object(Config\Paths))
#13 {main}
CRITICAL - 2025-08-06 15:09:57 --> CodeIgniter\Database\Exceptions\DatabaseException: Cannot delete or update a parent row: a foreign key constraint fails (`fs2025_asignacion_equipo`.`usuarios`, CONSTRAINT `usuarios_ibfk_1` FOREIGN KEY (`usuario_id`) REFERENCES `empleados` (`empleado_id`))
[Method: GET, Route: eliminar_empleado/5]
in SYSTEMPATH\Database\BaseConnection.php on line 684.
 1 SYSTEMPATH\Database\BaseBuilder.php(2848): CodeIgniter\Database\BaseConnection->query('DELETE FROM `empleados`
WHERE `empleado_id` IN :empleado_id:', [...], false)
 2 SYSTEMPATH\Model.php(521): CodeIgniter\Database\BaseBuilder->delete()
 3 SYSTEMPATH\BaseModel.php(1152): CodeIgniter\Model->doDelete([...], false)
 4 APPPATH\Controllers\EmpleadoController.php(36): CodeIgniter\BaseModel->delete([...])
 5 SYSTEMPATH\CodeIgniter.php(933): App\Controllers\EmpleadoController->eliminar('5')
 6 SYSTEMPATH\CodeIgniter.php(507): CodeIgniter\CodeIgniter->runController(Object(App\Controllers\EmpleadoController))
 7 SYSTEMPATH\CodeIgniter.php(354): CodeIgniter\CodeIgniter->handleRequest(null, Object(Config\Cache), false)
 8 SYSTEMPATH\Boot.php(363): CodeIgniter\CodeIgniter->run()
 9 SYSTEMPATH\Boot.php(68): CodeIgniter\Boot::runCodeIgniter(Object(CodeIgniter\CodeIgniter))
10 FCPATH\index.php(59): CodeIgniter\Boot::bootWeb(Object(Config\Paths))
CRITICAL - 2025-08-06 15:09:57 --> [Caused by] CodeIgniter\Database\Exceptions\DatabaseException: Cannot delete or update a parent row: a foreign key constraint fails (`fs2025_asignacion_equipo`.`usuarios`, CONSTRAINT `usuarios_ibfk_1` FOREIGN KEY (`usuario_id`) REFERENCES `empleados` (`empleado_id`))
in SYSTEMPATH\Database\MySQLi\Connection.php on line 332.
 1 SYSTEMPATH\Database\BaseConnection.php(729): CodeIgniter\Database\MySQLi\Connection->execute('DELETE FROM `empleados`
WHERE `empleado_id` IN (\'5\')')
 2 SYSTEMPATH\Database\BaseConnection.php(646): CodeIgniter\Database\BaseConnection->simpleQuery('DELETE FROM `empleados`
WHERE `empleado_id` IN (\'5\')')
 3 SYSTEMPATH\Database\BaseBuilder.php(2848): CodeIgniter\Database\BaseConnection->query('DELETE FROM `empleados`
WHERE `empleado_id` IN :empleado_id:', [...], false)
 4 SYSTEMPATH\Model.php(521): CodeIgniter\Database\BaseBuilder->delete()
 5 SYSTEMPATH\BaseModel.php(1152): CodeIgniter\Model->doDelete([...], false)
 6 APPPATH\Controllers\EmpleadoController.php(36): CodeIgniter\BaseModel->delete([...])
 7 SYSTEMPATH\CodeIgniter.php(933): App\Controllers\EmpleadoController->eliminar('5')
 8 SYSTEMPATH\CodeIgniter.php(507): CodeIgniter\CodeIgniter->runController(Object(App\Controllers\EmpleadoController))
 9 SYSTEMPATH\CodeIgniter.php(354): CodeIgniter\CodeIgniter->handleRequest(null, Object(Config\Cache), false)
10 SYSTEMPATH\Boot.php(363): CodeIgniter\CodeIgniter->run()
11 SYSTEMPATH\Boot.php(68): CodeIgniter\Boot::runCodeIgniter(Object(CodeIgniter\CodeIgniter))
12 FCPATH\index.php(59): CodeIgniter\Boot::bootWeb(Object(Config\Paths))
CRITICAL - 2025-08-06 15:09:57 --> [Caused by] mysqli_sql_exception: Cannot delete or update a parent row: a foreign key constraint fails (`fs2025_asignacion_equipo`.`usuarios`, CONSTRAINT `usuarios_ibfk_1` FOREIGN KEY (`usuario_id`) REFERENCES `empleados` (`empleado_id`))
in SYSTEMPATH\Database\MySQLi\Connection.php on line 327.
 1 SYSTEMPATH\Database\MySQLi\Connection.php(327): mysqli->query('DELETE FROM `empleados`
WHERE `empleado_id` IN (\'5\')', 0)
 2 SYSTEMPATH\Database\BaseConnection.php(729): CodeIgniter\Database\MySQLi\Connection->execute('DELETE FROM `empleados`
WHERE `empleado_id` IN (\'5\')')
 3 SYSTEMPATH\Database\BaseConnection.php(646): CodeIgniter\Database\BaseConnection->simpleQuery('DELETE FROM `empleados`
WHERE `empleado_id` IN (\'5\')')
 4 SYSTEMPATH\Database\BaseBuilder.php(2848): CodeIgniter\Database\BaseConnection->query('DELETE FROM `empleados`
WHERE `empleado_id` IN :empleado_id:', [...], false)
 5 SYSTEMPATH\Model.php(521): CodeIgniter\Database\BaseBuilder->delete()
 6 SYSTEMPATH\BaseModel.php(1152): CodeIgniter\Model->doDelete([...], false)
 7 APPPATH\Controllers\EmpleadoController.php(36): CodeIgniter\BaseModel->delete([...])
 8 SYSTEMPATH\CodeIgniter.php(933): App\Controllers\EmpleadoController->eliminar('5')
 9 SYSTEMPATH\CodeIgniter.php(507): CodeIgniter\CodeIgniter->runController(Object(App\Controllers\EmpleadoController))
10 SYSTEMPATH\CodeIgniter.php(354): CodeIgniter\CodeIgniter->handleRequest(null, Object(Config\Cache), false)
11 SYSTEMPATH\Boot.php(363): CodeIgniter\CodeIgniter->run()
12 SYSTEMPATH\Boot.php(68): CodeIgniter\Boot::runCodeIgniter(Object(CodeIgniter\CodeIgniter))
13 FCPATH\index.php(59): CodeIgniter\Boot::bootWeb(Object(Config\Paths))
ERROR - 2025-08-06 15:11:34 --> mysqli_sql_exception: Cannot delete or update a parent row: a foreign key constraint fails (`fs2025_asignacion_equipo`.`usuarios`, CONSTRAINT `usuarios_ibfk_1` FOREIGN KEY (`usuario_id`) REFERENCES `empleados` (`empleado_id`)) in C:\xampp2\htdocs\Actividad-03-ciudadanos\system\Database\MySQLi\Connection.php:327
Stack trace:
#0 C:\xampp2\htdocs\Actividad-03-ciudadanos\system\Database\MySQLi\Connection.php(327): mysqli->query('DELETE FROM `em...', 0)
#1 C:\xampp2\htdocs\Actividad-03-ciudadanos\system\Database\BaseConnection.php(729): CodeIgniter\Database\MySQLi\Connection->execute('DELETE FROM `em...')
#2 C:\xampp2\htdocs\Actividad-03-ciudadanos\system\Database\BaseConnection.php(646): CodeIgniter\Database\BaseConnection->simpleQuery('DELETE FROM `em...')
#3 C:\xampp2\htdocs\Actividad-03-ciudadanos\system\Database\BaseBuilder.php(2848): CodeIgniter\Database\BaseConnection->query('DELETE FROM `em...', Array, false)
#4 C:\xampp2\htdocs\Actividad-03-ciudadanos\system\Model.php(521): CodeIgniter\Database\BaseBuilder->delete()
#5 C:\xampp2\htdocs\Actividad-03-ciudadanos\system\BaseModel.php(1152): CodeIgniter\Model->doDelete(Array, false)
#6 C:\xampp2\htdocs\Actividad-03-ciudadanos\app\Controllers\EmpleadoController.php(36): CodeIgniter\BaseModel->delete(Array)
#7 C:\xampp2\htdocs\Actividad-03-ciudadanos\system\CodeIgniter.php(933): App\Controllers\EmpleadoController->eliminar('7')
#8 C:\xampp2\htdocs\Actividad-03-ciudadanos\system\CodeIgniter.php(507): CodeIgniter\CodeIgniter->runController(Object(App\Controllers\EmpleadoController))
#9 C:\xampp2\htdocs\Actividad-03-ciudadanos\system\CodeIgniter.php(354): CodeIgniter\CodeIgniter->handleRequest(NULL, Object(Config\Cache), false)
#10 C:\xampp2\htdocs\Actividad-03-ciudadanos\system\Boot.php(363): CodeIgniter\CodeIgniter->run()
#11 C:\xampp2\htdocs\Actividad-03-ciudadanos\system\Boot.php(68): CodeIgniter\Boot::runCodeIgniter(Object(CodeIgniter\CodeIgniter))
#12 C:\xampp2\htdocs\Actividad-03-ciudadanos\public\index.php(59): CodeIgniter\Boot::bootWeb(Object(Config\Paths))
#13 {main}
CRITICAL - 2025-08-06 15:11:34 --> CodeIgniter\Database\Exceptions\DatabaseException: Cannot delete or update a parent row: a foreign key constraint fails (`fs2025_asignacion_equipo`.`usuarios`, CONSTRAINT `usuarios_ibfk_1` FOREIGN KEY (`usuario_id`) REFERENCES `empleados` (`empleado_id`))
[Method: GET, Route: eliminar_empleado/7]
in SYSTEMPATH\Database\BaseConnection.php on line 684.
 1 SYSTEMPATH\Database\BaseBuilder.php(2848): CodeIgniter\Database\BaseConnection->query('DELETE FROM `empleados`
WHERE `empleado_id` IN :empleado_id:', [...], false)
 2 SYSTEMPATH\Model.php(521): CodeIgniter\Database\BaseBuilder->delete()
 3 SYSTEMPATH\BaseModel.php(1152): CodeIgniter\Model->doDelete([...], false)
 4 APPPATH\Controllers\EmpleadoController.php(36): CodeIgniter\BaseModel->delete([...])
 5 SYSTEMPATH\CodeIgniter.php(933): App\Controllers\EmpleadoController->eliminar('7')
 6 SYSTEMPATH\CodeIgniter.php(507): CodeIgniter\CodeIgniter->runController(Object(App\Controllers\EmpleadoController))
 7 SYSTEMPATH\CodeIgniter.php(354): CodeIgniter\CodeIgniter->handleRequest(null, Object(Config\Cache), false)
 8 SYSTEMPATH\Boot.php(363): CodeIgniter\CodeIgniter->run()
 9 SYSTEMPATH\Boot.php(68): CodeIgniter\Boot::runCodeIgniter(Object(CodeIgniter\CodeIgniter))
10 FCPATH\index.php(59): CodeIgniter\Boot::bootWeb(Object(Config\Paths))
CRITICAL - 2025-08-06 15:11:34 --> [Caused by] CodeIgniter\Database\Exceptions\DatabaseException: Cannot delete or update a parent row: a foreign key constraint fails (`fs2025_asignacion_equipo`.`usuarios`, CONSTRAINT `usuarios_ibfk_1` FOREIGN KEY (`usuario_id`) REFERENCES `empleados` (`empleado_id`))
in SYSTEMPATH\Database\MySQLi\Connection.php on line 332.
 1 SYSTEMPATH\Database\BaseConnection.php(729): CodeIgniter\Database\MySQLi\Connection->execute('DELETE FROM `empleados`
WHERE `empleado_id` IN (\'7\')')
 2 SYSTEMPATH\Database\BaseConnection.php(646): CodeIgniter\Database\BaseConnection->simpleQuery('DELETE FROM `empleados`
WHERE `empleado_id` IN (\'7\')')
 3 SYSTEMPATH\Database\BaseBuilder.php(2848): CodeIgniter\Database\BaseConnection->query('DELETE FROM `empleados`
WHERE `empleado_id` IN :empleado_id:', [...], false)
 4 SYSTEMPATH\Model.php(521): CodeIgniter\Database\BaseBuilder->delete()
 5 SYSTEMPATH\BaseModel.php(1152): CodeIgniter\Model->doDelete([...], false)
 6 APPPATH\Controllers\EmpleadoController.php(36): CodeIgniter\BaseModel->delete([...])
 7 SYSTEMPATH\CodeIgniter.php(933): App\Controllers\EmpleadoController->eliminar('7')
 8 SYSTEMPATH\CodeIgniter.php(507): CodeIgniter\CodeIgniter->runController(Object(App\Controllers\EmpleadoController))
 9 SYSTEMPATH\CodeIgniter.php(354): CodeIgniter\CodeIgniter->handleRequest(null, Object(Config\Cache), false)
10 SYSTEMPATH\Boot.php(363): CodeIgniter\CodeIgniter->run()
11 SYSTEMPATH\Boot.php(68): CodeIgniter\Boot::runCodeIgniter(Object(CodeIgniter\CodeIgniter))
12 FCPATH\index.php(59): CodeIgniter\Boot::bootWeb(Object(Config\Paths))
CRITICAL - 2025-08-06 15:11:34 --> [Caused by] mysqli_sql_exception: Cannot delete or update a parent row: a foreign key constraint fails (`fs2025_asignacion_equipo`.`usuarios`, CONSTRAINT `usuarios_ibfk_1` FOREIGN KEY (`usuario_id`) REFERENCES `empleados` (`empleado_id`))
in SYSTEMPATH\Database\MySQLi\Connection.php on line 327.
 1 SYSTEMPATH\Database\MySQLi\Connection.php(327): mysqli->query('DELETE FROM `empleados`
WHERE `empleado_id` IN (\'7\')', 0)
 2 SYSTEMPATH\Database\BaseConnection.php(729): CodeIgniter\Database\MySQLi\Connection->execute('DELETE FROM `empleados`
WHERE `empleado_id` IN (\'7\')')
 3 SYSTEMPATH\Database\BaseConnection.php(646): CodeIgniter\Database\BaseConnection->simpleQuery('DELETE FROM `empleados`
WHERE `empleado_id` IN (\'7\')')
 4 SYSTEMPATH\Database\BaseBuilder.php(2848): CodeIgniter\Database\BaseConnection->query('DELETE FROM `empleados`
WHERE `empleado_id` IN :empleado_id:', [...], false)
 5 SYSTEMPATH\Model.php(521): CodeIgniter\Database\BaseBuilder->delete()
 6 SYSTEMPATH\BaseModel.php(1152): CodeIgniter\Model->doDelete([...], false)
 7 APPPATH\Controllers\EmpleadoController.php(36): CodeIgniter\BaseModel->delete([...])
 8 SYSTEMPATH\CodeIgniter.php(933): App\Controllers\EmpleadoController->eliminar('7')
 9 SYSTEMPATH\CodeIgniter.php(507): CodeIgniter\CodeIgniter->runController(Object(App\Controllers\EmpleadoController))
10 SYSTEMPATH\CodeIgniter.php(354): CodeIgniter\CodeIgniter->handleRequest(null, Object(Config\Cache), false)
11 SYSTEMPATH\Boot.php(363): CodeIgniter\CodeIgniter->run()
12 SYSTEMPATH\Boot.php(68): CodeIgniter\Boot::runCodeIgniter(Object(CodeIgniter\CodeIgniter))
13 FCPATH\index.php(59): CodeIgniter\Boot::bootWeb(Object(Config\Paths))
ERROR - 2025-08-06 15:14:01 --> mysqli_sql_exception: Cannot delete or update a parent row: a foreign key constraint fails (`fs2025_asignacion_equipo`.`usuarios`, CONSTRAINT `usuarios_ibfk_1` FOREIGN KEY (`usuario_id`) REFERENCES `empleados` (`empleado_id`)) in C:\xampp2\htdocs\Actividad-03-ciudadanos\system\Database\MySQLi\Connection.php:327
Stack trace:
#0 C:\xampp2\htdocs\Actividad-03-ciudadanos\system\Database\MySQLi\Connection.php(327): mysqli->query('DELETE FROM `em...', 0)
#1 C:\xampp2\htdocs\Actividad-03-ciudadanos\system\Database\BaseConnection.php(729): CodeIgniter\Database\MySQLi\Connection->execute('DELETE FROM `em...')
#2 C:\xampp2\htdocs\Actividad-03-ciudadanos\system\Database\BaseConnection.php(646): CodeIgniter\Database\BaseConnection->simpleQuery('DELETE FROM `em...')
#3 C:\xampp2\htdocs\Actividad-03-ciudadanos\system\Database\BaseBuilder.php(2848): CodeIgniter\Database\BaseConnection->query('DELETE FROM `em...', Array, false)
#4 C:\xampp2\htdocs\Actividad-03-ciudadanos\system\Model.php(521): CodeIgniter\Database\BaseBuilder->delete()
#5 C:\xampp2\htdocs\Actividad-03-ciudadanos\system\BaseModel.php(1152): CodeIgniter\Model->doDelete(Array, false)
#6 C:\xampp2\htdocs\Actividad-03-ciudadanos\app\Controllers\EmpleadoController.php(36): CodeIgniter\BaseModel->delete(Array)
#7 C:\xampp2\htdocs\Actividad-03-ciudadanos\system\CodeIgniter.php(933): App\Controllers\EmpleadoController->eliminar('7')
#8 C:\xampp2\htdocs\Actividad-03-ciudadanos\system\CodeIgniter.php(507): CodeIgniter\CodeIgniter->runController(Object(App\Controllers\EmpleadoController))
#9 C:\xampp2\htdocs\Actividad-03-ciudadanos\system\CodeIgniter.php(354): CodeIgniter\CodeIgniter->handleRequest(NULL, Object(Config\Cache), false)
#10 C:\xampp2\htdocs\Actividad-03-ciudadanos\system\Boot.php(363): CodeIgniter\CodeIgniter->run()
#11 C:\xampp2\htdocs\Actividad-03-ciudadanos\system\Boot.php(68): CodeIgniter\Boot::runCodeIgniter(Object(CodeIgniter\CodeIgniter))
#12 C:\xampp2\htdocs\Actividad-03-ciudadanos\public\index.php(59): CodeIgniter\Boot::bootWeb(Object(Config\Paths))
#13 {main}
CRITICAL - 2025-08-06 15:14:01 --> CodeIgniter\Database\Exceptions\DatabaseException: Cannot delete or update a parent row: a foreign key constraint fails (`fs2025_asignacion_equipo`.`usuarios`, CONSTRAINT `usuarios_ibfk_1` FOREIGN KEY (`usuario_id`) REFERENCES `empleados` (`empleado_id`))
[Method: GET, Route: eliminar_empleado/7]
in SYSTEMPATH\Database\BaseConnection.php on line 684.
 1 SYSTEMPATH\Database\BaseBuilder.php(2848): CodeIgniter\Database\BaseConnection->query('DELETE FROM `empleados`
WHERE `empleado_id` IN :empleado_id:', [...], false)
 2 SYSTEMPATH\Model.php(521): CodeIgniter\Database\BaseBuilder->delete()
 3 SYSTEMPATH\BaseModel.php(1152): CodeIgniter\Model->doDelete([...], false)
 4 APPPATH\Controllers\EmpleadoController.php(36): CodeIgniter\BaseModel->delete([...])
 5 SYSTEMPATH\CodeIgniter.php(933): App\Controllers\EmpleadoController->eliminar('7')
 6 SYSTEMPATH\CodeIgniter.php(507): CodeIgniter\CodeIgniter->runController(Object(App\Controllers\EmpleadoController))
 7 SYSTEMPATH\CodeIgniter.php(354): CodeIgniter\CodeIgniter->handleRequest(null, Object(Config\Cache), false)
 8 SYSTEMPATH\Boot.php(363): CodeIgniter\CodeIgniter->run()
 9 SYSTEMPATH\Boot.php(68): CodeIgniter\Boot::runCodeIgniter(Object(CodeIgniter\CodeIgniter))
10 FCPATH\index.php(59): CodeIgniter\Boot::bootWeb(Object(Config\Paths))
CRITICAL - 2025-08-06 15:14:01 --> [Caused by] CodeIgniter\Database\Exceptions\DatabaseException: Cannot delete or update a parent row: a foreign key constraint fails (`fs2025_asignacion_equipo`.`usuarios`, CONSTRAINT `usuarios_ibfk_1` FOREIGN KEY (`usuario_id`) REFERENCES `empleados` (`empleado_id`))
in SYSTEMPATH\Database\MySQLi\Connection.php on line 332.
 1 SYSTEMPATH\Database\BaseConnection.php(729): CodeIgniter\Database\MySQLi\Connection->execute('DELETE FROM `empleados`
WHERE `empleado_id` IN (\'7\')')
 2 SYSTEMPATH\Database\BaseConnection.php(646): CodeIgniter\Database\BaseConnection->simpleQuery('DELETE FROM `empleados`
WHERE `empleado_id` IN (\'7\')')
 3 SYSTEMPATH\Database\BaseBuilder.php(2848): CodeIgniter\Database\BaseConnection->query('DELETE FROM `empleados`
WHERE `empleado_id` IN :empleado_id:', [...], false)
 4 SYSTEMPATH\Model.php(521): CodeIgniter\Database\BaseBuilder->delete()
 5 SYSTEMPATH\BaseModel.php(1152): CodeIgniter\Model->doDelete([...], false)
 6 APPPATH\Controllers\EmpleadoController.php(36): CodeIgniter\BaseModel->delete([...])
 7 SYSTEMPATH\CodeIgniter.php(933): App\Controllers\EmpleadoController->eliminar('7')
 8 SYSTEMPATH\CodeIgniter.php(507): CodeIgniter\CodeIgniter->runController(Object(App\Controllers\EmpleadoController))
 9 SYSTEMPATH\CodeIgniter.php(354): CodeIgniter\CodeIgniter->handleRequest(null, Object(Config\Cache), false)
10 SYSTEMPATH\Boot.php(363): CodeIgniter\CodeIgniter->run()
11 SYSTEMPATH\Boot.php(68): CodeIgniter\Boot::runCodeIgniter(Object(CodeIgniter\CodeIgniter))
12 FCPATH\index.php(59): CodeIgniter\Boot::bootWeb(Object(Config\Paths))
CRITICAL - 2025-08-06 15:14:01 --> [Caused by] mysqli_sql_exception: Cannot delete or update a parent row: a foreign key constraint fails (`fs2025_asignacion_equipo`.`usuarios`, CONSTRAINT `usuarios_ibfk_1` FOREIGN KEY (`usuario_id`) REFERENCES `empleados` (`empleado_id`))
in SYSTEMPATH\Database\MySQLi\Connection.php on line 327.
 1 SYSTEMPATH\Database\MySQLi\Connection.php(327): mysqli->query('DELETE FROM `empleados`
WHERE `empleado_id` IN (\'7\')', 0)
 2 SYSTEMPATH\Database\BaseConnection.php(729): CodeIgniter\Database\MySQLi\Connection->execute('DELETE FROM `empleados`
WHERE `empleado_id` IN (\'7\')')
 3 SYSTEMPATH\Database\BaseConnection.php(646): CodeIgniter\Database\BaseConnection->simpleQuery('DELETE FROM `empleados`
WHERE `empleado_id` IN (\'7\')')
 4 SYSTEMPATH\Database\BaseBuilder.php(2848): CodeIgniter\Database\BaseConnection->query('DELETE FROM `empleados`
WHERE `empleado_id` IN :empleado_id:', [...], false)
 5 SYSTEMPATH\Model.php(521): CodeIgniter\Database\BaseBuilder->delete()
 6 SYSTEMPATH\BaseModel.php(1152): CodeIgniter\Model->doDelete([...], false)
 7 APPPATH\Controllers\EmpleadoController.php(36): CodeIgniter\BaseModel->delete([...])
 8 SYSTEMPATH\CodeIgniter.php(933): App\Controllers\EmpleadoController->eliminar('7')
 9 SYSTEMPATH\CodeIgniter.php(507): CodeIgniter\CodeIgniter->runController(Object(App\Controllers\EmpleadoController))
10 SYSTEMPATH\CodeIgniter.php(354): CodeIgniter\CodeIgniter->handleRequest(null, Object(Config\Cache), false)
11 SYSTEMPATH\Boot.php(363): CodeIgniter\CodeIgniter->run()
12 SYSTEMPATH\Boot.php(68): CodeIgniter\Boot::runCodeIgniter(Object(CodeIgniter\CodeIgniter))
13 FCPATH\index.php(59): CodeIgniter\Boot::bootWeb(Object(Config\Paths))
ERROR - 2025-08-06 15:37:57 --> mysqli_sql_exception: Cannot add or update a child row: a foreign key constraint fails (`fs2025_asignacion_equipo`.`usuarios`, CONSTRAINT `usuarios_ibfk_1` FOREIGN KEY (`usuario_id`) REFERENCES `empleados` (`empleado_id`)) in C:\xampp2\htdocs\Actividad-03-ciudadanos\system\Database\MySQLi\Connection.php:327
Stack trace:
#0 C:\xampp2\htdocs\Actividad-03-ciudadanos\system\Database\MySQLi\Connection.php(327): mysqli->query('INSERT INTO `us...', 0)
#1 C:\xampp2\htdocs\Actividad-03-ciudadanos\system\Database\BaseConnection.php(729): CodeIgniter\Database\MySQLi\Connection->execute('INSERT INTO `us...')
#2 C:\xampp2\htdocs\Actividad-03-ciudadanos\system\Database\BaseConnection.php(646): CodeIgniter\Database\BaseConnection->simpleQuery('INSERT INTO `us...')
#3 C:\xampp2\htdocs\Actividad-03-ciudadanos\system\Database\BaseBuilder.php(2345): CodeIgniter\Database\BaseConnection->query('INSERT INTO `us...', Array, false)
#4 C:\xampp2\htdocs\Actividad-03-ciudadanos\system\Model.php(394): CodeIgniter\Database\BaseBuilder->insert()
#5 C:\xampp2\htdocs\Actividad-03-ciudadanos\system\BaseModel.php(838): CodeIgniter\Model->doInsert(Array)
#6 C:\xampp2\htdocs\Actividad-03-ciudadanos\system\Model.php(797): CodeIgniter\BaseModel->insert(Array, true)
#7 C:\xampp2\htdocs\Actividad-03-ciudadanos\app\Controllers\UsuarioController.php(28): CodeIgniter\Model->insert(Array)
#8 C:\xampp2\htdocs\Actividad-03-ciudadanos\system\CodeIgniter.php(933): App\Controllers\UsuarioController->agregarUsuario()
#9 C:\xampp2\htdocs\Actividad-03-ciudadanos\system\CodeIgniter.php(507): CodeIgniter\CodeIgniter->runController(Object(App\Controllers\UsuarioController))
#10 C:\xampp2\htdocs\Actividad-03-ciudadanos\system\CodeIgniter.php(354): CodeIgniter\CodeIgniter->handleRequest(NULL, Object(Config\Cache), false)
#11 C:\xampp2\htdocs\Actividad-03-ciudadanos\system\Boot.php(363): CodeIgniter\CodeIgniter->run()
#12 C:\xampp2\htdocs\Actividad-03-ciudadanos\system\Boot.php(68): CodeIgniter\Boot::runCodeIgniter(Object(CodeIgniter\CodeIgniter))
#13 C:\xampp2\htdocs\Actividad-03-ciudadanos\public\index.php(59): CodeIgniter\Boot::bootWeb(Object(Config\Paths))
#14 {main}
CRITICAL - 2025-08-06 15:37:57 --> CodeIgniter\Database\Exceptions\DatabaseException: Cannot add or update a child row: a foreign key constraint fails (`fs2025_asignacion_equipo`.`usuarios`, CONSTRAINT `usuarios_ibfk_1` FOREIGN KEY (`usuario_id`) REFERENCES `empleados` (`empleado_id`))
[Method: POST, Route: agregarUsuario]
in SYSTEMPATH\Database\BaseConnection.php on line 684.
 1 SYSTEMPATH\Database\BaseBuilder.php(2345): CodeIgniter\Database\BaseConnection->query('INSERT INTO `usuarios` (`usuario_id`, `usuario`, `email`, `PASSWORD`, `estado`, `rol_id`) VALUES (:usuario_id:, :usuario:, :email:, :PASSWORD:, :estado:, :rol_id:)', [...], false)
 2 SYSTEMPATH\Model.php(394): CodeIgniter\Database\BaseBuilder->insert()
 3 SYSTEMPATH\BaseModel.php(838): CodeIgniter\Model->doInsert([...])
 4 SYSTEMPATH\Model.php(797): CodeIgniter\BaseModel->insert([...], true)
 5 APPPATH\Controllers\UsuarioController.php(28): CodeIgniter\Model->insert([...])
 6 SYSTEMPATH\CodeIgniter.php(933): App\Controllers\UsuarioController->agregarUsuario()
 7 SYSTEMPATH\CodeIgniter.php(507): CodeIgniter\CodeIgniter->runController(Object(App\Controllers\UsuarioController))
 8 SYSTEMPATH\CodeIgniter.php(354): CodeIgniter\CodeIgniter->handleRequest(null, Object(Config\Cache), false)
 9 SYSTEMPATH\Boot.php(363): CodeIgniter\CodeIgniter->run()
10 SYSTEMPATH\Boot.php(68): CodeIgniter\Boot::runCodeIgniter(Object(CodeIgniter\CodeIgniter))
11 FCPATH\index.php(59): CodeIgniter\Boot::bootWeb(Object(Config\Paths))
CRITICAL - 2025-08-06 15:37:57 --> [Caused by] CodeIgniter\Database\Exceptions\DatabaseException: Cannot add or update a child row: a foreign key constraint fails (`fs2025_asignacion_equipo`.`usuarios`, CONSTRAINT `usuarios_ibfk_1` FOREIGN KEY (`usuario_id`) REFERENCES `empleados` (`empleado_id`))
in SYSTEMPATH\Database\MySQLi\Connection.php on line 332.
 1 SYSTEMPATH\Database\BaseConnection.php(729): CodeIgniter\Database\MySQLi\Connection->execute('INSERT INTO `usuarios` (`usuario_id`, `usuario`, `email`, `PASSWORD`, `estado`, `rol_id`) VALUES (\'7\', \'vandres\', \'peralta.vic44tor260@gmail.com\', \'pass445\', \'1\', \'2\')')
 2 SYSTEMPATH\Database\BaseConnection.php(646): CodeIgniter\Database\BaseConnection->simpleQuery('INSERT INTO `usuarios` (`usuario_id`, `usuario`, `email`, `PASSWORD`, `estado`, `rol_id`) VALUES (\'7\', \'vandres\', \'peralta.vic44tor260@gmail.com\', \'pass445\', \'1\', \'2\')')
 3 SYSTEMPATH\Database\BaseBuilder.php(2345): CodeIgniter\Database\BaseConnection->query('INSERT INTO `usuarios` (`usuario_id`, `usuario`, `email`, `PASSWORD`, `estado`, `rol_id`) VALUES (:usuario_id:, :usuario:, :email:, :PASSWORD:, :estado:, :rol_id:)', [...], false)
 4 SYSTEMPATH\Model.php(394): CodeIgniter\Database\BaseBuilder->insert()
 5 SYSTEMPATH\BaseModel.php(838): CodeIgniter\Model->doInsert([...])
 6 SYSTEMPATH\Model.php(797): CodeIgniter\BaseModel->insert([...], true)
 7 APPPATH\Controllers\UsuarioController.php(28): CodeIgniter\Model->insert([...])
 8 SYSTEMPATH\CodeIgniter.php(933): App\Controllers\UsuarioController->agregarUsuario()
 9 SYSTEMPATH\CodeIgniter.php(507): CodeIgniter\CodeIgniter->runController(Object(App\Controllers\UsuarioController))
10 SYSTEMPATH\CodeIgniter.php(354): CodeIgniter\CodeIgniter->handleRequest(null, Object(Config\Cache), false)
11 SYSTEMPATH\Boot.php(363): CodeIgniter\CodeIgniter->run()
12 SYSTEMPATH\Boot.php(68): CodeIgniter\Boot::runCodeIgniter(Object(CodeIgniter\CodeIgniter))
13 FCPATH\index.php(59): CodeIgniter\Boot::bootWeb(Object(Config\Paths))
CRITICAL - 2025-08-06 15:37:57 --> [Caused by] mysqli_sql_exception: Cannot add or update a child row: a foreign key constraint fails (`fs2025_asignacion_equipo`.`usuarios`, CONSTRAINT `usuarios_ibfk_1` FOREIGN KEY (`usuario_id`) REFERENCES `empleados` (`empleado_id`))
in SYSTEMPATH\Database\MySQLi\Connection.php on line 327.
 1 SYSTEMPATH\Database\MySQLi\Connection.php(327): mysqli->query('INSERT INTO `usuarios` (`usuario_id`, `usuario`, `email`, `PASSWORD`, `estado`, `rol_id`) VALUES (\'7\', \'vandres\', \'peralta.vic44tor260@gmail.com\', \'pass445\', \'1\', \'2\')', 0)
 2 SYSTEMPATH\Database\BaseConnection.php(729): CodeIgniter\Database\MySQLi\Connection->execute('INSERT INTO `usuarios` (`usuario_id`, `usuario`, `email`, `PASSWORD`, `estado`, `rol_id`) VALUES (\'7\', \'vandres\', \'peralta.vic44tor260@gmail.com\', \'pass445\', \'1\', \'2\')')
 3 SYSTEMPATH\Database\BaseConnection.php(646): CodeIgniter\Database\BaseConnection->simpleQuery('INSERT INTO `usuarios` (`usuario_id`, `usuario`, `email`, `PASSWORD`, `estado`, `rol_id`) VALUES (\'7\', \'vandres\', \'peralta.vic44tor260@gmail.com\', \'pass445\', \'1\', \'2\')')
 4 SYSTEMPATH\Database\BaseBuilder.php(2345): CodeIgniter\Database\BaseConnection->query('INSERT INTO `usuarios` (`usuario_id`, `usuario`, `email`, `PASSWORD`, `estado`, `rol_id`) VALUES (:usuario_id:, :usuario:, :email:, :PASSWORD:, :estado:, :rol_id:)', [...], false)
 5 SYSTEMPATH\Model.php(394): CodeIgniter\Database\BaseBuilder->insert()
 6 SYSTEMPATH\BaseModel.php(838): CodeIgniter\Model->doInsert([...])
 7 SYSTEMPATH\Model.php(797): CodeIgniter\BaseModel->insert([...], true)
 8 APPPATH\Controllers\UsuarioController.php(28): CodeIgniter\Model->insert([...])
 9 SYSTEMPATH\CodeIgniter.php(933): App\Controllers\UsuarioController->agregarUsuario()
10 SYSTEMPATH\CodeIgniter.php(507): CodeIgniter\CodeIgniter->runController(Object(App\Controllers\UsuarioController))
11 SYSTEMPATH\CodeIgniter.php(354): CodeIgniter\CodeIgniter->handleRequest(null, Object(Config\Cache), false)
12 SYSTEMPATH\Boot.php(363): CodeIgniter\CodeIgniter->run()
13 SYSTEMPATH\Boot.php(68): CodeIgniter\Boot::runCodeIgniter(Object(CodeIgniter\CodeIgniter))
14 FCPATH\index.php(59): CodeIgniter\Boot::bootWeb(Object(Config\Paths))
