CRITICAL - 2025-08-08 14:49:48 --> CodeIgniter\View\Exceptions\ViewException: Invalid file: "update_rol.php"
[Method: GET, Route: update_rol/11]
in SYSTEMPATH\Exceptions\FrameworkException.php on line 39.
 1 SYSTEMPATH\View\View.php(214): CodeIgniter\Exceptions\FrameworkException::forInvalidFile('update_rol.php')
 2 SYSTEMPATH\Common.php(1167): CodeIgniter\View\View->render('update_rol', [], true)
 3 APPPATH\Controllers\RolesController.php(42): view('update_rol', [...])
 4 SYSTEMPATH\CodeIgniter.php(933): App\Controllers\RolesController->buscar('11')
 5 SYSTEMPATH\CodeIgniter.php(507): CodeIgniter\CodeIgniter->runController(Object(App\Controllers\RolesController))
 6 SYSTEMPATH\CodeIgniter.php(354): CodeIgniter\CodeIgniter->handleRequest(null, Object(Config\Cache), false)
 7 SYSTEMPATH\Boot.php(363): CodeIgniter\CodeIgniter->run()
 8 SYSTEMPATH\Boot.php(68): CodeIgniter\Boot::runCodeIgniter(Object(CodeIgniter\CodeIgniter))
 9 FCPATH\index.php(59): CodeIgniter\Boot::bootWeb(Object(Config\Paths))
CRITICAL - 2025-08-08 14:52:15 --> CodeIgniter\View\Exceptions\ViewException: Invalid file: "update_rol.php"
[Method: GET, Route: update_roles/11]
in SYSTEMPATH\Exceptions\FrameworkException.php on line 39.
 1 SYSTEMPATH\View\View.php(214): CodeIgniter\Exceptions\FrameworkException::forInvalidFile('update_rol.php')
 2 SYSTEMPATH\Common.php(1167): CodeIgniter\View\View->render('update_rol', [], true)
 3 APPPATH\Controllers\RolesController.php(42): view('update_rol', [...])
 4 SYSTEMPATH\CodeIgniter.php(933): App\Controllers\RolesController->buscar('11')
 5 SYSTEMPATH\CodeIgniter.php(507): CodeIgniter\CodeIgniter->runController(Object(App\Controllers\RolesController))
 6 SYSTEMPATH\CodeIgniter.php(354): CodeIgniter\CodeIgniter->handleRequest(null, Object(Config\Cache), false)
 7 SYSTEMPATH\Boot.php(363): CodeIgniter\CodeIgniter->run()
 8 SYSTEMPATH\Boot.php(68): CodeIgniter\Boot::runCodeIgniter(Object(CodeIgniter\CodeIgniter))
 9 FCPATH\index.php(59): CodeIgniter\Boot::bootWeb(Object(Config\Paths))
CRITICAL - 2025-08-08 14:54:39 --> CodeIgniter\View\Exceptions\ViewException: Invalid file: "update_rol.php"
[Method: GET, Route: update_rol/11]
in SYSTEMPATH\Exceptions\FrameworkException.php on line 39.
 1 SYSTEMPATH\View\View.php(214): CodeIgniter\Exceptions\FrameworkException::forInvalidFile('update_rol.php')
 2 SYSTEMPATH\Common.php(1167): CodeIgniter\View\View->render('update_rol', [], true)
 3 APPPATH\Controllers\RolesController.php(42): view('update_rol', [...])
 4 SYSTEMPATH\CodeIgniter.php(933): App\Controllers\RolesController->buscar('11')
 5 SYSTEMPATH\CodeIgniter.php(507): CodeIgniter\CodeIgniter->runController(Object(App\Controllers\RolesController))
 6 SYSTEMPATH\CodeIgniter.php(354): CodeIgniter\CodeIgniter->handleRequest(null, Object(Config\Cache), false)
 7 SYSTEMPATH\Boot.php(363): CodeIgniter\CodeIgniter->run()
 8 SYSTEMPATH\Boot.php(68): CodeIgniter\Boot::runCodeIgniter(Object(CodeIgniter\CodeIgniter))
 9 FCPATH\index.php(59): CodeIgniter\Boot::bootWeb(Object(Config\Paths))
ERROR - 2025-08-08 15:37:01 --> mysqli_sql_exception: Cannot delete or update a parent row: a foreign key constraint fails (`fs2025_asignacion_equipo`.`usuarios`, CONSTRAINT `usuarios_ibfk_1` FOREIGN KEY (`usuario_id`) REFERENCES `empleados` (`empleado_id`)) in C:\xampp2\htdocs\Actividad-03-ciudadanos\system\Database\MySQLi\Connection.php:327
Stack trace:
#0 C:\xampp2\htdocs\Actividad-03-ciudadanos\system\Database\MySQLi\Connection.php(327): mysqli->query('DELETE FROM `em...', 0)
#1 C:\xampp2\htdocs\Actividad-03-ciudadanos\system\Database\BaseConnection.php(729): CodeIgniter\Database\MySQLi\Connection->execute('DELETE FROM `em...')
#2 C:\xampp2\htdocs\Actividad-03-ciudadanos\system\Database\BaseConnection.php(646): CodeIgniter\Database\BaseConnection->simpleQuery('DELETE FROM `em...')
#3 C:\xampp2\htdocs\Actividad-03-ciudadanos\system\Database\BaseBuilder.php(2848): CodeIgniter\Database\BaseConnection->query('DELETE FROM `em...', Array, false)
#4 C:\xampp2\htdocs\Actividad-03-ciudadanos\system\Model.php(521): CodeIgniter\Database\BaseBuilder->delete()
#5 C:\xampp2\htdocs\Actividad-03-ciudadanos\system\BaseModel.php(1152): CodeIgniter\Model->doDelete(Array, false)
#6 C:\xampp2\htdocs\Actividad-03-ciudadanos\app\Controllers\EmpleadoController.php(36): CodeIgniter\BaseModel->delete(Array)
#7 C:\xampp2\htdocs\Actividad-03-ciudadanos\system\CodeIgniter.php(933): App\Controllers\EmpleadoController->eliminar('6')
#8 C:\xampp2\htdocs\Actividad-03-ciudadanos\system\CodeIgniter.php(507): CodeIgniter\CodeIgniter->runController(Object(App\Controllers\EmpleadoController))
#9 C:\xampp2\htdocs\Actividad-03-ciudadanos\system\CodeIgniter.php(354): CodeIgniter\CodeIgniter->handleRequest(NULL, Object(Config\Cache), false)
#10 C:\xampp2\htdocs\Actividad-03-ciudadanos\system\Boot.php(363): CodeIgniter\CodeIgniter->run()
#11 C:\xampp2\htdocs\Actividad-03-ciudadanos\system\Boot.php(68): CodeIgniter\Boot::runCodeIgniter(Object(CodeIgniter\CodeIgniter))
#12 C:\xampp2\htdocs\Actividad-03-ciudadanos\public\index.php(59): CodeIgniter\Boot::bootWeb(Object(Config\Paths))
#13 {main}
CRITICAL - 2025-08-08 15:37:01 --> CodeIgniter\Database\Exceptions\DatabaseException: Cannot delete or update a parent row: a foreign key constraint fails (`fs2025_asignacion_equipo`.`usuarios`, CONSTRAINT `usuarios_ibfk_1` FOREIGN KEY (`usuario_id`) REFERENCES `empleados` (`empleado_id`))
[Method: GET, Route: eliminar_empleado/6]
in SYSTEMPATH\Database\BaseConnection.php on line 684.
 1 SYSTEMPATH\Database\BaseBuilder.php(2848): CodeIgniter\Database\BaseConnection->query('DELETE FROM `empleados`
WHERE `empleado_id` IN :empleado_id:', [...], false)
 2 SYSTEMPATH\Model.php(521): CodeIgniter\Database\BaseBuilder->delete()
 3 SYSTEMPATH\BaseModel.php(1152): CodeIgniter\Model->doDelete([...], false)
 4 APPPATH\Controllers\EmpleadoController.php(36): CodeIgniter\BaseModel->delete([...])
 5 SYSTEMPATH\CodeIgniter.php(933): App\Controllers\EmpleadoController->eliminar('6')
 6 SYSTEMPATH\CodeIgniter.php(507): CodeIgniter\CodeIgniter->runController(Object(App\Controllers\EmpleadoController))
 7 SYSTEMPATH\CodeIgniter.php(354): CodeIgniter\CodeIgniter->handleRequest(null, Object(Config\Cache), false)
 8 SYSTEMPATH\Boot.php(363): CodeIgniter\CodeIgniter->run()
 9 SYSTEMPATH\Boot.php(68): CodeIgniter\Boot::runCodeIgniter(Object(CodeIgniter\CodeIgniter))
10 FCPATH\index.php(59): CodeIgniter\Boot::bootWeb(Object(Config\Paths))
CRITICAL - 2025-08-08 15:37:01 --> [Caused by] CodeIgniter\Database\Exceptions\DatabaseException: Cannot delete or update a parent row: a foreign key constraint fails (`fs2025_asignacion_equipo`.`usuarios`, CONSTRAINT `usuarios_ibfk_1` FOREIGN KEY (`usuario_id`) REFERENCES `empleados` (`empleado_id`))
in SYSTEMPATH\Database\MySQLi\Connection.php on line 332.
 1 SYSTEMPATH\Database\BaseConnection.php(729): CodeIgniter\Database\MySQLi\Connection->execute('DELETE FROM `empleados`
WHERE `empleado_id` IN (\'6\')')
 2 SYSTEMPATH\Database\BaseConnection.php(646): CodeIgniter\Database\BaseConnection->simpleQuery('DELETE FROM `empleados`
WHERE `empleado_id` IN (\'6\')')
 3 SYSTEMPATH\Database\BaseBuilder.php(2848): CodeIgniter\Database\BaseConnection->query('DELETE FROM `empleados`
WHERE `empleado_id` IN :empleado_id:', [...], false)
 4 SYSTEMPATH\Model.php(521): CodeIgniter\Database\BaseBuilder->delete()
 5 SYSTEMPATH\BaseModel.php(1152): CodeIgniter\Model->doDelete([...], false)
 6 APPPATH\Controllers\EmpleadoController.php(36): CodeIgniter\BaseModel->delete([...])
 7 SYSTEMPATH\CodeIgniter.php(933): App\Controllers\EmpleadoController->eliminar('6')
 8 SYSTEMPATH\CodeIgniter.php(507): CodeIgniter\CodeIgniter->runController(Object(App\Controllers\EmpleadoController))
 9 SYSTEMPATH\CodeIgniter.php(354): CodeIgniter\CodeIgniter->handleRequest(null, Object(Config\Cache), false)
10 SYSTEMPATH\Boot.php(363): CodeIgniter\CodeIgniter->run()
11 SYSTEMPATH\Boot.php(68): CodeIgniter\Boot::runCodeIgniter(Object(CodeIgniter\CodeIgniter))
12 FCPATH\index.php(59): CodeIgniter\Boot::bootWeb(Object(Config\Paths))
CRITICAL - 2025-08-08 15:37:01 --> [Caused by] mysqli_sql_exception: Cannot delete or update a parent row: a foreign key constraint fails (`fs2025_asignacion_equipo`.`usuarios`, CONSTRAINT `usuarios_ibfk_1` FOREIGN KEY (`usuario_id`) REFERENCES `empleados` (`empleado_id`))
in SYSTEMPATH\Database\MySQLi\Connection.php on line 327.
 1 SYSTEMPATH\Database\MySQLi\Connection.php(327): mysqli->query('DELETE FROM `empleados`
WHERE `empleado_id` IN (\'6\')', 0)
 2 SYSTEMPATH\Database\BaseConnection.php(729): CodeIgniter\Database\MySQLi\Connection->execute('DELETE FROM `empleados`
WHERE `empleado_id` IN (\'6\')')
 3 SYSTEMPATH\Database\BaseConnection.php(646): CodeIgniter\Database\BaseConnection->simpleQuery('DELETE FROM `empleados`
WHERE `empleado_id` IN (\'6\')')
 4 SYSTEMPATH\Database\BaseBuilder.php(2848): CodeIgniter\Database\BaseConnection->query('DELETE FROM `empleados`
WHERE `empleado_id` IN :empleado_id:', [...], false)
 5 SYSTEMPATH\Model.php(521): CodeIgniter\Database\BaseBuilder->delete()
 6 SYSTEMPATH\BaseModel.php(1152): CodeIgniter\Model->doDelete([...], false)
 7 APPPATH\Controllers\EmpleadoController.php(36): CodeIgniter\BaseModel->delete([...])
 8 SYSTEMPATH\CodeIgniter.php(933): App\Controllers\EmpleadoController->eliminar('6')
 9 SYSTEMPATH\CodeIgniter.php(507): CodeIgniter\CodeIgniter->runController(Object(App\Controllers\EmpleadoController))
10 SYSTEMPATH\CodeIgniter.php(354): CodeIgniter\CodeIgniter->handleRequest(null, Object(Config\Cache), false)
11 SYSTEMPATH\Boot.php(363): CodeIgniter\CodeIgniter->run()
12 SYSTEMPATH\Boot.php(68): CodeIgniter\Boot::runCodeIgniter(Object(CodeIgniter\CodeIgniter))
13 FCPATH\index.php(59): CodeIgniter\Boot::bootWeb(Object(Config\Paths))
