CRITICAL - 2025-08-05 15:22:40 --> ErrorException: Undefined array key "empleado_id"
[Method: GET, Route: verEmpleados]
in APPPATH\Views\empleados.php on line 101.
 1 APPPATH\Views\empleados.php(101): CodeIgniter\Debug\Exceptions->errorHandler(2, 'Undefined array key "empleado_id"', 'C:\\xampp2\\htdocs\\Actividad-03-ciudadanos\\app\\Views\\empleados.php', 101)
 2 SYSTEMPATH\View\View.php(226): include('C:\\xampp2\\htdocs\\Actividad-03-ciudadanos\\app\\Views\\empleados.php')
 3 SYSTEMPATH\View\View.php(229): CodeIgniter\View\View->CodeIgniter\View\{closure}()
 4 SYSTEMPATH\Common.php(1167): CodeIgniter\View\View->render('empleados', [], true)
 5 APPPATH\Controllers\EmpleadoController.php(14): view('empleados', [...])
 6 SYSTEMPATH\CodeIgniter.php(933): App\Controllers\EmpleadoController->index()
 7 SYSTEMPATH\CodeIgniter.php(507): CodeIgniter\CodeIgniter->runController(Object(App\Controllers\EmpleadoController))
 8 SYSTEMPATH\CodeIgniter.php(354): CodeIgniter\CodeIgniter->handleRequest(null, Object(Config\Cache), false)
 9 SYSTEMPATH\Boot.php(363): CodeIgniter\CodeIgniter->run()
10 SYSTEMPATH\Boot.php(68): CodeIgniter\Boot::runCodeIgniter(Object(CodeIgniter\CodeIgniter))
11 FCPATH\index.php(59): CodeIgniter\Boot::bootWeb(Object(Config\Paths))
CRITICAL - 2025-08-05 15:41:23 --> CodeIgniter\Database\Exceptions\DatabaseException: Deletes are not allowed unless they contain a "where" or "like" clause.
[Method: GET, Route: eliminar_empleado/0]
in SYSTEMPATH\Database\BaseBuilder.php on line 2819.
 1 SYSTEMPATH\Model.php(521): CodeIgniter\Database\BaseBuilder->delete()
 2 SYSTEMPATH\BaseModel.php(1152): CodeIgniter\Model->doDelete('0', false)
 3 APPPATH\Controllers\EmpleadoController.php(34): CodeIgniter\BaseModel->delete('0')
 4 SYSTEMPATH\CodeIgniter.php(933): App\Controllers\EmpleadoController->eliminar('0')
 5 SYSTEMPATH\CodeIgniter.php(507): CodeIgniter\CodeIgniter->runController(Object(App\Controllers\EmpleadoController))
 6 SYSTEMPATH\CodeIgniter.php(354): CodeIgniter\CodeIgniter->handleRequest(null, Object(Config\Cache), false)
 7 SYSTEMPATH\Boot.php(363): CodeIgniter\CodeIgniter->run()
 8 SYSTEMPATH\Boot.php(68): CodeIgniter\Boot::runCodeIgniter(Object(CodeIgniter\CodeIgniter))
 9 FCPATH\index.php(59): CodeIgniter\Boot::bootWeb(Object(Config\Paths))
CRITICAL - 2025-08-05 15:41:48 --> CodeIgniter\Database\Exceptions\DatabaseException: Deletes are not allowed unless they contain a "where" or "like" clause.
[Method: GET, Route: eliminar_empleado/0]
in SYSTEMPATH\Database\BaseBuilder.php on line 2819.
 1 SYSTEMPATH\Model.php(521): CodeIgniter\Database\BaseBuilder->delete()
 2 SYSTEMPATH\BaseModel.php(1152): CodeIgniter\Model->doDelete('0', false)
 3 APPPATH\Controllers\EmpleadoController.php(34): CodeIgniter\BaseModel->delete('0')
 4 SYSTEMPATH\CodeIgniter.php(933): App\Controllers\EmpleadoController->eliminar('0')
 5 SYSTEMPATH\CodeIgniter.php(507): CodeIgniter\CodeIgniter->runController(Object(App\Controllers\EmpleadoController))
 6 SYSTEMPATH\CodeIgniter.php(354): CodeIgniter\CodeIgniter->handleRequest(null, Object(Config\Cache), false)
 7 SYSTEMPATH\Boot.php(363): CodeIgniter\CodeIgniter->run()
 8 SYSTEMPATH\Boot.php(68): CodeIgniter\Boot::runCodeIgniter(Object(CodeIgniter\CodeIgniter))
 9 FCPATH\index.php(59): CodeIgniter\Boot::bootWeb(Object(Config\Paths))
CRITICAL - 2025-08-05 15:44:22 --> CodeIgniter\Database\Exceptions\DatabaseException: Deletes are not allowed unless they contain a "where" or "like" clause.
[Method: GET, Route: eliminar_empleado/0]
in SYSTEMPATH\Database\BaseBuilder.php on line 2819.
 1 SYSTEMPATH\Model.php(521): CodeIgniter\Database\BaseBuilder->delete()
 2 SYSTEMPATH\BaseModel.php(1152): CodeIgniter\Model->doDelete('0', false)
 3 APPPATH\Controllers\EmpleadoController.php(36): CodeIgniter\BaseModel->delete('0')
 4 SYSTEMPATH\CodeIgniter.php(933): App\Controllers\EmpleadoController->eliminar('0')
 5 SYSTEMPATH\CodeIgniter.php(507): CodeIgniter\CodeIgniter->runController(Object(App\Controllers\EmpleadoController))
 6 SYSTEMPATH\CodeIgniter.php(354): CodeIgniter\CodeIgniter->handleRequest(null, Object(Config\Cache), false)
 7 SYSTEMPATH\Boot.php(363): CodeIgniter\CodeIgniter->run()
 8 SYSTEMPATH\Boot.php(68): CodeIgniter\Boot::runCodeIgniter(Object(CodeIgniter\CodeIgniter))
 9 FCPATH\index.php(59): CodeIgniter\Boot::bootWeb(Object(Config\Paths))
ERROR - 2025-08-05 15:46:03 --> mysqli_sql_exception: Unknown column 'codigo_usuario' in 'where clause' in C:\xampp2\htdocs\Actividad-03-ciudadanos\system\Database\MySQLi\Connection.php:327
Stack trace:
#0 C:\xampp2\htdocs\Actividad-03-ciudadanos\system\Database\MySQLi\Connection.php(327): mysqli->query('SELECT *\nFROM `...', 0)
#1 C:\xampp2\htdocs\Actividad-03-ciudadanos\system\Database\BaseConnection.php(729): CodeIgniter\Database\MySQLi\Connection->execute('SELECT *\nFROM `...')
#2 C:\xampp2\htdocs\Actividad-03-ciudadanos\system\Database\BaseConnection.php(646): CodeIgniter\Database\BaseConnection->simpleQuery('SELECT *\nFROM `...')
#3 C:\xampp2\htdocs\Actividad-03-ciudadanos\system\Database\BaseBuilder.php(1649): CodeIgniter\Database\BaseConnection->query('SELECT *\nFROM `...', Array, false)
#4 C:\xampp2\htdocs\Actividad-03-ciudadanos\system\Model.php(330): CodeIgniter\Database\BaseBuilder->get()
#5 C:\xampp2\htdocs\Actividad-03-ciudadanos\system\BaseModel.php(715): CodeIgniter\Model->doFirst()
#6 C:\xampp2\htdocs\Actividad-03-ciudadanos\app\Controllers\EmpleadoController.php(45): CodeIgniter\BaseModel->first()
#7 C:\xampp2\htdocs\Actividad-03-ciudadanos\system\CodeIgniter.php(933): App\Controllers\EmpleadoController->buscar('5')
#8 C:\xampp2\htdocs\Actividad-03-ciudadanos\system\CodeIgniter.php(507): CodeIgniter\CodeIgniter->runController(Object(App\Controllers\EmpleadoController))
#9 C:\xampp2\htdocs\Actividad-03-ciudadanos\system\CodeIgniter.php(354): CodeIgniter\CodeIgniter->handleRequest(NULL, Object(Config\Cache), false)
#10 C:\xampp2\htdocs\Actividad-03-ciudadanos\system\Boot.php(363): CodeIgniter\CodeIgniter->run()
#11 C:\xampp2\htdocs\Actividad-03-ciudadanos\system\Boot.php(68): CodeIgniter\Boot::runCodeIgniter(Object(CodeIgniter\CodeIgniter))
#12 C:\xampp2\htdocs\Actividad-03-ciudadanos\public\index.php(59): CodeIgniter\Boot::bootWeb(Object(Config\Paths))
#13 {main}
CRITICAL - 2025-08-05 15:46:03 --> CodeIgniter\Database\Exceptions\DatabaseException: Unknown column 'codigo_usuario' in 'where clause'
[Method: GET, Route: update_empleado/5]
in SYSTEMPATH\Database\BaseConnection.php on line 684.
 1 SYSTEMPATH\Database\BaseBuilder.php(1649): CodeIgniter\Database\BaseConnection->query('SELECT *
FROM `empleados`
WHERE `codigo_usuario` = :codigo_usuario:
 LIMIT 1', [...], false)
 2 SYSTEMPATH\Model.php(330): CodeIgniter\Database\BaseBuilder->get()
 3 SYSTEMPATH\BaseModel.php(715): CodeIgniter\Model->doFirst()
 4 APPPATH\Controllers\EmpleadoController.php(45): CodeIgniter\BaseModel->first()
 5 SYSTEMPATH\CodeIgniter.php(933): App\Controllers\EmpleadoController->buscar('5')
 6 SYSTEMPATH\CodeIgniter.php(507): CodeIgniter\CodeIgniter->runController(Object(App\Controllers\EmpleadoController))
 7 SYSTEMPATH\CodeIgniter.php(354): CodeIgniter\CodeIgniter->handleRequest(null, Object(Config\Cache), false)
 8 SYSTEMPATH\Boot.php(363): CodeIgniter\CodeIgniter->run()
 9 SYSTEMPATH\Boot.php(68): CodeIgniter\Boot::runCodeIgniter(Object(CodeIgniter\CodeIgniter))
10 FCPATH\index.php(59): CodeIgniter\Boot::bootWeb(Object(Config\Paths))
CRITICAL - 2025-08-05 15:46:03 --> [Caused by] CodeIgniter\Database\Exceptions\DatabaseException: Unknown column 'codigo_usuario' in 'where clause'
in SYSTEMPATH\Database\MySQLi\Connection.php on line 332.
 1 SYSTEMPATH\Database\BaseConnection.php(729): CodeIgniter\Database\MySQLi\Connection->execute('SELECT *
FROM `empleados`
WHERE `codigo_usuario` = \'5\'
 LIMIT 1')
 2 SYSTEMPATH\Database\BaseConnection.php(646): CodeIgniter\Database\BaseConnection->simpleQuery('SELECT *
FROM `empleados`
WHERE `codigo_usuario` = \'5\'
 LIMIT 1')
 3 SYSTEMPATH\Database\BaseBuilder.php(1649): CodeIgniter\Database\BaseConnection->query('SELECT *
FROM `empleados`
WHERE `codigo_usuario` = :codigo_usuario:
 LIMIT 1', [...], false)
 4 SYSTEMPATH\Model.php(330): CodeIgniter\Database\BaseBuilder->get()
 5 SYSTEMPATH\BaseModel.php(715): CodeIgniter\Model->doFirst()
 6 APPPATH\Controllers\EmpleadoController.php(45): CodeIgniter\BaseModel->first()
 7 SYSTEMPATH\CodeIgniter.php(933): App\Controllers\EmpleadoController->buscar('5')
 8 SYSTEMPATH\CodeIgniter.php(507): CodeIgniter\CodeIgniter->runController(Object(App\Controllers\EmpleadoController))
 9 SYSTEMPATH\CodeIgniter.php(354): CodeIgniter\CodeIgniter->handleRequest(null, Object(Config\Cache), false)
10 SYSTEMPATH\Boot.php(363): CodeIgniter\CodeIgniter->run()
11 SYSTEMPATH\Boot.php(68): CodeIgniter\Boot::runCodeIgniter(Object(CodeIgniter\CodeIgniter))
12 FCPATH\index.php(59): CodeIgniter\Boot::bootWeb(Object(Config\Paths))
CRITICAL - 2025-08-05 15:46:03 --> [Caused by] mysqli_sql_exception: Unknown column 'codigo_usuario' in 'where clause'
in SYSTEMPATH\Database\MySQLi\Connection.php on line 327.
 1 SYSTEMPATH\Database\MySQLi\Connection.php(327): mysqli->query('SELECT *
FROM `empleados`
WHERE `codigo_usuario` = \'5\'
 LIMIT 1', 0)
 2 SYSTEMPATH\Database\BaseConnection.php(729): CodeIgniter\Database\MySQLi\Connection->execute('SELECT *
FROM `empleados`
WHERE `codigo_usuario` = \'5\'
 LIMIT 1')
 3 SYSTEMPATH\Database\BaseConnection.php(646): CodeIgniter\Database\BaseConnection->simpleQuery('SELECT *
FROM `empleados`
WHERE `codigo_usuario` = \'5\'
 LIMIT 1')
 4 SYSTEMPATH\Database\BaseBuilder.php(1649): CodeIgniter\Database\BaseConnection->query('SELECT *
FROM `empleados`
WHERE `codigo_usuario` = :codigo_usuario:
 LIMIT 1', [...], false)
 5 SYSTEMPATH\Model.php(330): CodeIgniter\Database\BaseBuilder->get()
 6 SYSTEMPATH\BaseModel.php(715): CodeIgniter\Model->doFirst()
 7 APPPATH\Controllers\EmpleadoController.php(45): CodeIgniter\BaseModel->first()
 8 SYSTEMPATH\CodeIgniter.php(933): App\Controllers\EmpleadoController->buscar('5')
 9 SYSTEMPATH\CodeIgniter.php(507): CodeIgniter\CodeIgniter->runController(Object(App\Controllers\EmpleadoController))
10 SYSTEMPATH\CodeIgniter.php(354): CodeIgniter\CodeIgniter->handleRequest(null, Object(Config\Cache), false)
11 SYSTEMPATH\Boot.php(363): CodeIgniter\CodeIgniter->run()
12 SYSTEMPATH\Boot.php(68): CodeIgniter\Boot::runCodeIgniter(Object(CodeIgniter\CodeIgniter))
13 FCPATH\index.php(59): CodeIgniter\Boot::bootWeb(Object(Config\Paths))
CRITICAL - 2025-08-05 15:48:41 --> ErrorException: Undefined array key "codigo_usuario"
[Method: GET, Route: update_empleado/5]
in APPPATH\Views\update_empleado.php on line 21.
 1 APPPATH\Views\update_empleado.php(21): CodeIgniter\Debug\Exceptions->errorHandler(2, 'Undefined array key "codigo_usuario"', 'C:\\xampp2\\htdocs\\Actividad-03-ciudadanos\\app\\Views\\update_empleado.php', 21)
 2 SYSTEMPATH\View\View.php(226): include('C:\\xampp2\\htdocs\\Actividad-03-ciudadanos\\app\\Views\\update_empleado.php')
 3 SYSTEMPATH\View\View.php(229): CodeIgniter\View\View->CodeIgniter\View\{closure}()
 4 SYSTEMPATH\Common.php(1167): CodeIgniter\View\View->render('update_empleado', [], true)
 5 APPPATH\Controllers\EmpleadoController.php(46): view('update_empleado', [...])
 6 SYSTEMPATH\CodeIgniter.php(933): App\Controllers\EmpleadoController->buscar('5')
 7 SYSTEMPATH\CodeIgniter.php(507): CodeIgniter\CodeIgniter->runController(Object(App\Controllers\EmpleadoController))
 8 SYSTEMPATH\CodeIgniter.php(354): CodeIgniter\CodeIgniter->handleRequest(null, Object(Config\Cache), false)
 9 SYSTEMPATH\Boot.php(363): CodeIgniter\CodeIgniter->run()
10 SYSTEMPATH\Boot.php(68): CodeIgniter\Boot::runCodeIgniter(Object(CodeIgniter\CodeIgniter))
11 FCPATH\index.php(59): CodeIgniter\Boot::bootWeb(Object(Config\Paths))
CRITICAL - 2025-08-05 15:49:33 --> ErrorException: Undefined array key "codigo_usuario"
[Method: GET, Route: update_empleado/5]
in APPPATH\Views\update_empleado.php on line 21.
 1 APPPATH\Views\update_empleado.php(21): CodeIgniter\Debug\Exceptions->errorHandler(2, 'Undefined array key "codigo_usuario"', 'C:\\xampp2\\htdocs\\Actividad-03-ciudadanos\\app\\Views\\update_empleado.php', 21)
 2 SYSTEMPATH\View\View.php(226): include('C:\\xampp2\\htdocs\\Actividad-03-ciudadanos\\app\\Views\\update_empleado.php')
 3 SYSTEMPATH\View\View.php(229): CodeIgniter\View\View->CodeIgniter\View\{closure}()
 4 SYSTEMPATH\Common.php(1167): CodeIgniter\View\View->render('update_empleado', [], true)
 5 APPPATH\Controllers\EmpleadoController.php(46): view('update_empleado', [...])
 6 SYSTEMPATH\CodeIgniter.php(933): App\Controllers\EmpleadoController->buscar('5')
 7 SYSTEMPATH\CodeIgniter.php(507): CodeIgniter\CodeIgniter->runController(Object(App\Controllers\EmpleadoController))
 8 SYSTEMPATH\CodeIgniter.php(354): CodeIgniter\CodeIgniter->handleRequest(null, Object(Config\Cache), false)
 9 SYSTEMPATH\Boot.php(363): CodeIgniter\CodeIgniter->run()
10 SYSTEMPATH\Boot.php(68): CodeIgniter\Boot::runCodeIgniter(Object(CodeIgniter\CodeIgniter))
11 FCPATH\index.php(59): CodeIgniter\Boot::bootWeb(Object(Config\Paths))
CRITICAL - 2025-08-05 17:56:58 --> ErrorException: Undefined array key "password"
[Method: GET, Route: verUsuarios]
in APPPATH\Views\usuarios.php on line 115.
 1 APPPATH\Views\usuarios.php(115): CodeIgniter\Debug\Exceptions->errorHandler(2, 'Undefined array key "password"', 'C:\\xampp2\\htdocs\\Actividad-03-ciudadanos\\app\\Views\\usuarios.php', 115)
 2 SYSTEMPATH\View\View.php(226): include('C:\\xampp2\\htdocs\\Actividad-03-ciudadanos\\app\\Views\\usuarios.php')
 3 SYSTEMPATH\View\View.php(229): CodeIgniter\View\View->CodeIgniter\View\{closure}()
 4 SYSTEMPATH\Common.php(1167): CodeIgniter\View\View->render('usuarios', [], true)
 5 APPPATH\Controllers\UsuarioController.php(14): view('usuarios', [...])
 6 SYSTEMPATH\CodeIgniter.php(933): App\Controllers\UsuarioController->index()
 7 SYSTEMPATH\CodeIgniter.php(507): CodeIgniter\CodeIgniter->runController(Object(App\Controllers\UsuarioController))
 8 SYSTEMPATH\CodeIgniter.php(354): CodeIgniter\CodeIgniter->handleRequest(null, Object(Config\Cache), false)
 9 SYSTEMPATH\Boot.php(363): CodeIgniter\CodeIgniter->run()
10 SYSTEMPATH\Boot.php(68): CodeIgniter\Boot::runCodeIgniter(Object(CodeIgniter\CodeIgniter))
11 FCPATH\index.php(59): CodeIgniter\Boot::bootWeb(Object(Config\Paths))
